TN:
SF:src/app.controller.ts
FN:8,(anonymous_2)
FN:13,(anonymous_3)
FNF:2
FNH:0
FNDA:0,(anonymous_2)
FNDA:0,(anonymous_3)
DA:1,0
DA:2,0
DA:3,0
DA:7,0
DA:8,0
DA:13,0
DA:14,0
LF:7
LH:0
BRF:0
BRH:0
end_of_record
TN:
SF:src/app.module.ts
FN:74,(anonymous_1)
FN:85,(anonymous_2)
FNF:2
FNH:0
FNDA:0,(anonymous_1)
FNDA:0,(anonymous_2)
DA:1,0
DA:2,0
DA:3,0
DA:5,0
DA:6,0
DA:7,0
DA:8,0
DA:9,0
DA:11,0
DA:12,0
DA:13,0
DA:14,0
DA:15,0
DA:16,0
DA:17,0
DA:18,0
DA:19,0
DA:20,0
DA:21,0
DA:23,0
DA:24,0
DA:25,0
DA:26,0
DA:27,0
DA:28,0
DA:29,0
DA:30,0
DA:74,0
DA:85,0
DA:117,0
LF:30
LH:0
BRF:0
BRH:0
end_of_record
TN:
SF:src/app.service.ts
FN:5,(anonymous_1)
FNF:1
FNH:0
FNDA:0,(anonymous_1)
DA:1,0
DA:4,0
DA:6,0
LF:3
LH:0
BRF:0
BRH:0
end_of_record
TN:
SF:src/common/filters/all-exceptions.filter.ts
FN:12,(anonymous_1)
FN:15,(anonymous_2)
FNF:2
FNH:0
FNDA:0,(anonymous_1)
FNDA:0,(anonymous_2)
DA:1,0
DA:12,0
DA:13,0
DA:16,0
DA:17,0
DA:18,0
DA:20,0
DA:24,0
DA:28,0
DA:36,0
DA:41,0
LF:11
LH:0
BRDA:20,0,0,0
BRDA:20,0,1,0
BRDA:24,1,0,0
BRDA:24,1,1,0
BRDA:33,2,0,0
BRDA:33,2,1,0
BRDA:33,3,0,0
BRDA:33,3,1,0
BRDA:38,4,0,0
BRDA:38,4,1,0
BRF:10
BRH:0
end_of_record
TN:
SF:src/common/interceptors/logging.interceptor.ts
FN:12,(anonymous_1)
FN:15,(anonymous_2)
FN:22,(anonymous_3)
FNF:3
FNH:0
FNDA:0,(anonymous_1)
FNDA:0,(anonymous_2)
FNDA:0,(anonymous_3)
DA:1,0
DA:9,0
DA:12,0
DA:13,0
DA:16,0
DA:17,0
DA:18,0
DA:19,0
DA:21,0
DA:23,0
DA:24,0
DA:25,0
LF:12
LH:0
BRF:0
BRH:0
end_of_record
TN:
SF:src/common/interceptors/transform.interceptor.ts
FN:18,(anonymous_1)
FN:22,(anonymous_2)
FNF:2
FNH:0
FNDA:0,(anonymous_1)
FNDA:0,(anonymous_2)
DA:1,0
DA:8,0
DA:17,0
DA:19,0
DA:21,0
DA:22,0
LF:6
LH:0
BRF:0
BRH:0
end_of_record
TN:
SF:src/config/database.config.ts
FN:4,(anonymous_0)
FNF:1
FNH:0
FNDA:0,(anonymous_0)
DA:1,0
DA:4,0
LF:2
LH:0
BRF:0
BRH:0
end_of_record
TN:
SF:src/config/elasticsearch.config.ts
FN:4,(anonymous_0)
FNF:1
FNH:0
FNDA:0,(anonymous_0)
DA:1,0
DA:4,0
LF:2
LH:0
BRF:0
BRH:0
end_of_record
TN:
SF:src/config/env.config.ts
FN:30,(anonymous_2)
FN:35,(anonymous_3)
FN:42,(anonymous_4)
FN:49,(anonymous_5)
FN:56,(anonymous_6)
FN:63,(anonymous_7)
FN:70,(anonymous_8)
FN:91,(anonymous_9)
FN:103,(anonymous_10)
FN:115,(anonymous_11)
FN:126,(anonymous_12)
FN:137,(anonymous_13)
FN:154,(anonymous_14)
FN:165,(anonymous_15)
FN:177,(anonymous_16)
FN:187,(anonymous_17)
FN:200,(anonymous_18)
FN:212,(anonymous_19)
FN:223,(anonymous_20)
FN:232,(anonymous_21)
FN:239,(anonymous_22)
FN:246,(anonymous_23)
FN:271,(anonymous_24)
FN:293,(anonymous_25)
FNF:24
FNH:0
FNDA:0,(anonymous_2)
FNDA:0,(anonymous_3)
FNDA:0,(anonymous_4)
FNDA:0,(anonymous_5)
FNDA:0,(anonymous_6)
FNDA:0,(anonymous_7)
FNDA:0,(anonymous_8)
FNDA:0,(anonymous_9)
FNDA:0,(anonymous_10)
FNDA:0,(anonymous_11)
FNDA:0,(anonymous_12)
FNDA:0,(anonymous_13)
FNDA:0,(anonymous_14)
FNDA:0,(anonymous_15)
FNDA:0,(anonymous_16)
FNDA:0,(anonymous_17)
FNDA:0,(anonymous_18)
FNDA:0,(anonymous_19)
FNDA:0,(anonymous_20)
FNDA:0,(anonymous_21)
FNDA:0,(anonymous_22)
FNDA:0,(anonymous_23)
FNDA:0,(anonymous_24)
FNDA:0,(anonymous_25)
DA:1,0
DA:2,0
DA:3,0
DA:29,0
DA:30,0
DA:36,0
DA:43,0
DA:50,0
DA:57,0
DA:64,0
DA:71,0
DA:92,0
DA:104,0
DA:116,0
DA:127,0
DA:138,0
DA:139,0
DA:155,0
DA:166,0
DA:178,0
DA:188,0
DA:201,0
DA:213,0
DA:224,0
DA:233,0
DA:240,0
DA:247,0
DA:272,0
DA:292,0
DA:293,0
DA:296,0
DA:297,0
LF:32
LH:0
BRDA:36,0,0,0
BRDA:36,0,1,0
BRDA:43,1,0,0
BRDA:43,1,1,0
BRDA:95,2,0,0
BRDA:95,2,1,0
BRDA:96,3,0,0
BRDA:96,3,1,0
BRDA:169,4,0,0
BRDA:169,4,1,0
BRDA:179,5,0,0
BRDA:179,5,1,0
BRDA:180,6,0,0
BRDA:180,6,1,0
BRDA:189,7,0,0
BRDA:189,7,1,0
BRDA:202,8,0,0
BRDA:202,8,1,0
BRDA:203,9,0,0
BRDA:203,9,1,0
BRDA:214,10,0,0
BRDA:214,10,1,0
BRDA:215,11,0,0
BRDA:215,11,1,0
BRDA:216,12,0,0
BRDA:216,12,1,0
BRDA:225,13,0,0
BRDA:225,13,1,0
BRDA:233,14,0,0
BRDA:233,14,1,0
BRDA:263,15,0,0
BRDA:263,15,1,0
BRDA:264,16,0,0
BRDA:264,16,1,0
BRDA:296,17,0,0
BRF:35
BRH:0
end_of_record
TN:
SF:src/config/env.types.ts
FN:254,isValidEnvKey
FNF:1
FNH:0
FNDA:0,isValidEnvKey
DA:176,0
DA:254,0
DA:255,0
DA:261,0
LF:4
LH:0
BRF:0
BRH:0
end_of_record
TN:
SF:src/config/env.validation.ts
FN:22,(anonymous_2)
FN:26,(anonymous_3)
FN:42,(anonymous_4)
FN:63,(anonymous_5)
FN:109,(anonymous_6)
FN:177,(anonymous_7)
FN:184,(anonymous_8)
FN:192,(anonymous_9)
FN:202,(anonymous_10)
FN:208,(anonymous_11)
FN:213,(anonymous_12)
FN:221,(anonymous_13)
FN:231,validateEnvironment
FN:244,(anonymous_15)
FNF:14
FNH:0
FNDA:0,(anonymous_2)
FNDA:0,(anonymous_3)
FNDA:0,(anonymous_4)
FNDA:0,(anonymous_5)
FNDA:0,(anonymous_6)
FNDA:0,(anonymous_7)
FNDA:0,(anonymous_8)
FNDA:0,(anonymous_9)
FNDA:0,(anonymous_10)
FNDA:0,(anonymous_11)
FNDA:0,(anonymous_12)
FNDA:0,(anonymous_13)
FNDA:0,validateEnvironment
FNDA:0,(anonymous_15)
DA:1,0
DA:2,0
DA:22,0
DA:26,0
DA:27,0
DA:30,0
DA:34,0
DA:39,0
DA:42,0
DA:43,0
DA:47,0
DA:51,0
DA:55,0
DA:60,0
DA:63,0
DA:64,0
DA:68,0
DA:72,0
DA:79,0
DA:87,0
DA:94,0
DA:101,0
DA:106,0
DA:109,0
DA:110,0
DA:113,0
DA:117,0
DA:120,0
DA:126,0
DA:134,0
DA:141,0
DA:148,0
DA:153,0
DA:158,0
DA:162,0
DA:166,0
DA:170,0
DA:177,0
DA:178,0
DA:184,0
DA:185,0
DA:192,0
DA:193,0
DA:198,0
DA:202,0
DA:203,0
DA:208,0
DA:209,0
DA:213,0
DA:214,0
DA:221,0
DA:222,0
DA:231,0
DA:232,0
DA:236,0
DA:242,0
DA:243,0
DA:245,0
DA:246,0
DA:250,0
DA:253,0
DA:259,0
LF:62
LH:0
BRDA:242,0,0,0
BRDA:245,1,0,0
BRDA:245,1,1,0
BRF:3
BRH:0
end_of_record
TN:
SF:src/config/mongodb.config.ts
FN:4,(anonymous_0)
FNF:1
FNH:0
FNDA:0,(anonymous_0)
DA:1,0
DA:4,0
LF:2
LH:0
BRF:0
BRH:0
end_of_record
TN:
SF:src/config/redis.config.ts
FN:4,(anonymous_0)
FNF:1
FNH:0
FNDA:0,(anonymous_0)
DA:1,0
DA:4,0
LF:2
LH:0
BRDA:7,0,0,0
BRDA:7,0,1,0
BRDA:8,1,0,0
BRDA:8,1,1,0
BRF:4
BRH:0
end_of_record
TN:
SF:src/database/data-source.ts
FNF:0
FNH:0
DA:1,0
DA:2,0
DA:3,0
DA:5,0
LF:4
LH:0
BRDA:7,0,0,0
BRDA:7,0,1,0
BRDA:8,1,0,0
BRDA:8,1,1,0
BRDA:9,2,0,0
BRDA:9,2,1,0
BRDA:10,3,0,0
BRDA:10,3,1,0
BRDA:11,4,0,0
BRDA:11,4,1,0
BRF:10
BRH:0
end_of_record
TN:
SF:src/database/database.module.ts
FN:12,(anonymous_1)
FN:29,(anonymous_2)
FNF:2
FNH:0
FNDA:0,(anonymous_1)
FNDA:0,(anonymous_2)
DA:1,0
DA:2,0
DA:3,0
DA:4,0
DA:5,0
DA:6,0
DA:12,0
DA:29,0
DA:36,0
LF:9
LH:0
BRF:0
BRH:0
end_of_record
TN:
SF:src/database/migrations/1717757565123-add-clerk-id-to-users.ts
FN:4,(anonymous_0)
FN:10,(anonymous_1)
FNF:2
FNH:0
FNDA:0,(anonymous_0)
FNDA:0,(anonymous_1)
DA:3,0
DA:5,0
DA:11,0
LF:3
LH:0
BRF:0
BRH:0
end_of_record
TN:
SF:src/modules/Infrastructure/clerk/clerk.controller.ts
FN:25,(anonymous_4)
FN:31,(anonymous_5)
FN:57,(anonymous_6)
FN:72,(anonymous_7)
FN:98,(anonymous_8)
FN:120,(anonymous_9)
FNF:6
FNH:6
FNDA:96,(anonymous_4)
FNDA:7,(anonymous_5)
FNDA:12,(anonymous_6)
FNDA:6,(anonymous_7)
FNDA:7,(anonymous_8)
FNDA:7,(anonymous_9)
DA:1,2
DA:12,2
DA:13,2
DA:14,2
DA:15,2
DA:16,2
DA:17,2
DA:18,2
DA:19,2
DA:24,2
DA:25,96
DA:31,2
DA:33,7
DA:34,1
DA:36,6
DA:37,0
DA:40,6
DA:41,3
DA:57,2
DA:58,12
DA:59,7
DA:72,2
DA:74,6
DA:75,0
DA:77,6
DA:78,1
DA:81,5
DA:82,3
DA:98,2
DA:99,7
DA:100,5
DA:120,2
DA:121,7
DA:122,5
LF:34
LH:32
BRDA:33,0,0,1
BRDA:36,1,0,0
BRDA:74,2,0,0
BRDA:77,3,0,1
BRF:4
BRH:2
end_of_record
TN:
SF:src/modules/Infrastructure/clerk/clerk.module.ts
FN:18,(anonymous_1)
FN:41,(anonymous_2)
FN:52,(anonymous_3)
FNF:3
FNH:3
FNDA:4,(anonymous_1)
FNDA:6,(anonymous_2)
FNDA:6,(anonymous_3)
DA:1,1
DA:2,1
DA:3,1
DA:4,1
DA:5,1
DA:6,1
DA:17,1
DA:19,4
DA:45,6
DA:52,6
LF:10
LH:10
BRF:0
BRH:0
end_of_record
TN:
SF:src/modules/Infrastructure/clerk/clerk.session.service.ts
FN:10,(anonymous_4)
FN:20,(anonymous_5)
FN:61,(anonymous_6)
FN:98,(anonymous_7)
FN:148,(anonymous_8)
FN:185,(anonymous_9)
FN:222,(anonymous_10)
FN:300,(anonymous_11)
FN:314,(anonymous_12)
FNF:9
FNH:9
FNDA:36,(anonymous_4)
FNDA:13,(anonymous_5)
FNDA:7,(anonymous_6)
FNDA:4,(anonymous_7)
FNDA:7,(anonymous_8)
FNDA:7,(anonymous_9)
FNDA:7,(anonymous_10)
FNDA:4,(anonymous_11)
FNDA:3,(anonymous_12)
DA:1,3
DA:4,3
DA:7,3
DA:8,36
DA:11,36
DA:12,36
DA:21,13
DA:22,13
DA:23,13
DA:26,4
DA:27,4
DA:29,9
DA:32,9
DA:34,9
DA:35,3
DA:37,6
DA:38,1
DA:40,5
DA:41,3
DA:45,2
DA:52,2
DA:62,7
DA:63,7
DA:64,7
DA:65,3
DA:66,3
DA:68,4
DA:70,4
DA:72,4
DA:73,0
DA:75,4
DA:76,2
DA:78,2
DA:79,2
DA:82,0
DA:89,0
DA:99,4
DA:100,4
DA:103,4
DA:108,4
DA:113,4
DA:117,3
DA:118,1
DA:119,1
DA:122,2
DA:123,2
DA:124,2
DA:126,2
DA:129,2
DA:130,1
DA:134,1
DA:139,1
DA:149,7
DA:150,7
DA:151,7
DA:152,6
DA:153,6
DA:155,1
DA:157,1
DA:159,1
DA:160,0
DA:162,1
DA:163,0
DA:165,1
DA:166,1
DA:169,0
DA:176,0
DA:186,7
DA:187,7
DA:188,7
DA:189,4
DA:190,4
DA:192,3
DA:194,3
DA:196,3
DA:197,2
DA:199,1
DA:200,0
DA:202,1
DA:203,1
DA:206,0
DA:213,0
DA:223,7
DA:224,7
DA:227,7
DA:232,7
DA:238,7
DA:242,6
DA:243,1
DA:244,1
DA:247,5
DA:248,5
DA:251,5
DA:253,5
DA:254,2
DA:255,2
DA:259,3
DA:261,3
DA:263,3
DA:275,4
DA:278,4
DA:282,3
DA:286,1
DA:291,1
DA:301,4
DA:302,4
DA:305,4
DA:307,3
DA:308,1
DA:309,1
DA:313,2
DA:314,3
DA:317,1
DA:318,1
DA:320,2
DA:323,2
DA:327,2
DA:331,0
DA:336,0
LF:119
LH:107
BRDA:26,0,0,4
BRDA:26,0,1,1
BRDA:32,1,0,9
BRDA:32,1,1,1
BRDA:32,1,2,1
BRDA:34,2,0,3
BRDA:37,3,0,1
BRDA:40,4,0,3
BRDA:70,5,0,4
BRDA:70,5,1,0
BRDA:70,5,2,0
BRDA:72,6,0,0
BRDA:75,7,0,2
BRDA:78,8,0,2
BRDA:117,9,0,1
BRDA:129,10,0,1
BRDA:157,11,0,1
BRDA:157,11,1,0
BRDA:157,11,2,0
BRDA:159,12,0,0
BRDA:162,13,0,0
BRDA:165,14,0,1
BRDA:194,15,0,3
BRDA:194,15,1,0
BRDA:194,15,2,0
BRDA:196,16,0,2
BRDA:199,17,0,0
BRDA:202,18,0,1
BRDA:242,19,0,1
BRDA:253,20,0,2
BRDA:253,21,0,5
BRDA:253,21,1,4
BRDA:278,22,0,3
BRDA:278,23,0,4
BRDA:278,23,1,4
BRDA:278,23,2,4
BRDA:278,23,3,1
BRDA:307,24,0,1
BRDA:307,25,0,3
BRDA:307,25,1,3
BRDA:323,26,0,2
BRDA:323,27,0,2
BRDA:323,27,1,2
BRDA:323,27,2,2
BRDA:323,27,3,0
BRF:45
BRH:34
end_of_record
TN:
SF:src/modules/Infrastructure/clerk/dto/clerk-params.dto.ts
FNF:0
FNH:0
DA:1,3
DA:2,3
DA:7,3
DA:18,3
DA:24,3
DA:35,3
LF:6
LH:6
BRF:0
BRH:0
end_of_record
TN:
SF:src/modules/Infrastructure/clerk/guards/clerk-auth.guard.ts
FN:18,(anonymous_4)
FN:23,(anonymous_5)
FN:62,(anonymous_6)
FN:67,(anonymous_7)
FN:78,(anonymous_8)
FNF:5
FNH:5
FNDA:25,(anonymous_4)
FNDA:16,(anonymous_5)
FNDA:16,(anonymous_6)
FNDA:33,(anonymous_7)
FNDA:2,(anonymous_8)
DA:1,3
DA:11,3
DA:12,3
DA:15,3
DA:16,25
DA:19,25
DA:20,25
DA:24,16
DA:26,16
DA:28,16
DA:31,16
DA:36,13
DA:37,3
DA:38,3
DA:42,10
DA:45,8
DA:51,8
DA:52,8
DA:54,8
DA:55,8
DA:63,16
DA:66,16
DA:67,16
DA:68,33
DA:69,32
DA:70,1
DA:71,1
DA:76,16
DA:77,1
DA:78,2
DA:80,1
DA:83,16
LF:32
LH:32
BRDA:36,0,0,3
BRDA:68,1,0,32
BRDA:68,1,1,1
BRDA:70,2,0,1
BRDA:76,3,0,1
BRDA:76,4,0,16
BRDA:76,4,1,16
BRF:7
BRH:7
end_of_record
TN:
SF:src/modules/Infrastructure/clerk/providers/clerk-client.provider.ts
FN:9,(anonymous_0)
FNF:1
FNH:1
FNDA:10,(anonymous_0)
DA:2,5
DA:3,5
DA:5,5
DA:7,5
DA:10,10
DA:11,10
DA:12,10
DA:14,10
DA:15,4
DA:17,6
DA:18,1
DA:20,5
DA:21,1
DA:24,4
LF:14
LH:14
BRDA:14,0,0,4
BRDA:17,1,0,1
BRDA:20,2,0,1
BRF:3
BRH:3
end_of_record
TN:
SF:src/modules/admin/admin.controller.ts
FN:17,(anonymous_4)
FN:22,(anonymous_5)
FN:40,(anonymous_6)
FN:53,(anonymous_7)
FNF:4
FNH:0
FNDA:0,(anonymous_4)
FNDA:0,(anonymous_5)
FNDA:0,(anonymous_6)
FNDA:0,(anonymous_7)
DA:1,0
DA:2,0
DA:3,0
DA:4,0
DA:5,0
DA:6,0
DA:7,0
DA:14,0
DA:15,0
DA:17,0
DA:22,0
DA:33,0
DA:34,0
DA:40,0
DA:44,0
DA:45,0
DA:47,0
DA:53,0
DA:58,0
DA:59,0
LF:20
LH:0
BRDA:44,0,0,0
BRDA:44,0,1,0
BRDA:45,1,0,0
BRDA:45,1,1,0
BRDA:55,2,0,0
BRDA:56,3,0,0
BRF:6
BRH:0
end_of_record
TN:
SF:src/modules/admin/admin.module.ts
FNF:0
FNH:0
DA:1,0
DA:2,0
DA:3,0
DA:4,0
DA:5,0
DA:6,0
DA:17,0
LF:7
LH:0
BRF:0
BRH:0
end_of_record
TN:
SF:src/modules/auth/auth.controller.ts
FN:12,(anonymous_4)
FN:20,(anonymous_5)
FN:40,(anonymous_6)
FN:63,(anonymous_7)
FNF:4
FNH:0
FNDA:0,(anonymous_4)
FNDA:0,(anonymous_5)
FNDA:0,(anonymous_6)
FNDA:0,(anonymous_7)
DA:1,0
DA:2,0
DA:3,0
DA:4,0
DA:5,0
DA:6,0
DA:7,0
DA:11,0
DA:12,0
DA:20,0
DA:21,0
DA:22,0
DA:40,0
DA:41,0
DA:42,0
DA:63,0
DA:64,0
LF:17
LH:0
BRF:0
BRH:0
end_of_record
TN:
SF:src/modules/auth/auth.module.ts
FNF:0
FNH:0
DA:1,0
DA:2,0
DA:3,0
DA:4,0
DA:5,0
DA:6,0
DA:23,0
LF:7
LH:0
BRF:0
BRH:0
end_of_record
TN:
SF:src/modules/auth/auth.service.ts
FN:7,(anonymous_2)
FN:15,(anonymous_3)
FN:47,(anonymous_4)
FNF:3
FNH:0
FNDA:0,(anonymous_2)
FNDA:0,(anonymous_3)
FNDA:0,(anonymous_4)
DA:1,0
DA:2,0
DA:6,0
DA:8,0
DA:16,0
DA:18,0
DA:20,0
DA:28,0
DA:32,0
DA:34,0
DA:40,0
DA:48,0
LF:12
LH:0
BRDA:18,0,0,0
BRDA:22,1,0,0
BRDA:22,1,1,0
BRDA:23,2,0,0
BRDA:23,2,1,0
BRDA:25,3,0,0
BRDA:25,3,1,0
BRDA:32,4,0,0
BRDA:32,5,0,0
BRDA:32,5,1,0
BRF:10
BRH:0
end_of_record
TN:
SF:src/modules/auth/decorators/roles.decorator.ts
FN:10,(anonymous_0)
FN:13,(anonymous_1)
FN:16,(anonymous_2)
FNF:3
FNH:3
FNDA:11,(anonymous_0)
FNDA:8,(anonymous_1)
FNDA:8,(anonymous_2)
DA:1,4
DA:5,4
DA:6,4
DA:7,4
DA:10,11
DA:13,8
DA:16,8
LF:7
LH:7
BRF:0
BRH:0
end_of_record
TN:
SF:src/modules/auth/guards/roles.guard.ts
FN:32,(anonymous_2)
FN:34,(anonymous_3)
FN:110,(anonymous_4)
FN:138,(anonymous_5)
FN:141,(anonymous_6)
FN:144,(anonymous_7)
FNF:6
FNH:6
FNDA:25,(anonymous_2)
FNDA:16,(anonymous_3)
FNDA:13,(anonymous_4)
FNDA:10,(anonymous_5)
FNDA:13,(anonymous_6)
FNDA:3,(anonymous_7)
DA:1,3
DA:9,3
DA:10,3
DA:29,3
DA:30,25
DA:32,25
DA:36,16
DA:41,16
DA:46,16
DA:52,16
DA:53,16
DA:55,16
DA:56,10
DA:57,10
DA:58,6
DA:59,2
DA:60,2
DA:61,4
DA:63,2
DA:64,2
DA:68,16
DA:69,2
DA:70,2
DA:73,14
DA:74,14
DA:77,14
DA:78,2
DA:79,2
DA:83,12
DA:86,12
DA:87,2
DA:88,2
DA:92,10
DA:94,10
DA:95,3
DA:96,3
DA:97,3
DA:100,7
DA:101,7
DA:111,13
DA:112,1
DA:115,12
DA:118,12
DA:119,6
DA:123,6
DA:124,4
DA:128,2
DA:139,10
DA:141,13
DA:144,3
LF:50
LH:50
BRDA:55,0,0,10
BRDA:55,0,1,6
BRDA:55,1,0,16
BRDA:55,1,1,11
BRDA:58,2,0,2
BRDA:58,2,1,4
BRDA:58,3,0,6
BRDA:58,3,1,3
BRDA:61,4,0,2
BRDA:61,5,0,4
BRDA:61,5,1,3
BRDA:68,6,0,2
BRDA:68,7,0,16
BRDA:68,7,1,14
BRDA:77,8,0,2
BRDA:86,9,0,2
BRDA:86,10,0,12
BRDA:86,10,1,12
BRDA:87,11,0,2
BRDA:87,11,1,0
BRDA:94,12,0,3
BRDA:95,13,0,2
BRDA:95,13,1,1
BRDA:96,14,0,3
BRDA:96,14,1,0
BRDA:100,15,0,7
BRDA:100,15,1,0
BRDA:111,16,0,1
BRDA:118,17,0,6
BRDA:118,18,0,12
BRDA:118,18,1,6
BRDA:123,19,0,4
BRDA:139,20,0,8
BRDA:139,20,1,2
BRF:34
BRH:31
end_of_record
TN:
SF:src/modules/chat/chat.controller.ts
FN:26,(anonymous_4)
FN:31,(anonymous_5)
FN:42,(anonymous_6)
FN:50,(anonymous_7)
FN:57,(anonymous_8)
FN:68,(anonymous_9)
FN:83,(anonymous_10)
FN:91,(anonymous_11)
FNF:8
FNH:0
FNDA:0,(anonymous_4)
FNDA:0,(anonymous_5)
FNDA:0,(anonymous_6)
FNDA:0,(anonymous_7)
FNDA:0,(anonymous_8)
FNDA:0,(anonymous_9)
FNDA:0,(anonymous_10)
FNDA:0,(anonymous_11)
DA:1,0
DA:13,0
DA:14,0
DA:15,0
DA:16,0
DA:17,0
DA:23,0
DA:24,0
DA:26,0
DA:31,0
DA:32,0
DA:33,0
DA:42,0
DA:43,0
DA:50,0
DA:51,0
DA:57,0
DA:58,0
DA:59,0
DA:68,0
DA:74,0
DA:76,0
DA:77,0
DA:83,0
DA:84,0
DA:85,0
DA:91,0
DA:102,0
LF:28
LH:0
BRDA:70,0,0,0
BRDA:76,1,0,0
BRDA:76,1,1,0
BRF:3
BRH:0
end_of_record
TN:
SF:src/modules/chat/chat.module.ts
FNF:0
FNH:0
DA:1,0
DA:2,0
DA:3,0
DA:4,0
DA:5,0
DA:6,0
DA:7,0
DA:8,0
DA:9,0
DA:10,0
DA:26,0
LF:11
LH:0
BRF:0
BRH:0
end_of_record
TN:
SF:src/modules/chat/chat.service.ts
FN:15,(anonymous_4)
FN:22,(anonymous_5)
FN:34,(anonymous_6)
FN:42,(anonymous_7)
FN:50,(anonymous_8)
FN:82,(anonymous_9)
FN:96,(anonymous_10)
FN:115,(anonymous_11)
FN:126,(anonymous_12)
FNF:9
FNH:0
FNDA:0,(anonymous_4)
FNDA:0,(anonymous_5)
FNDA:0,(anonymous_6)
FNDA:0,(anonymous_7)
FNDA:0,(anonymous_8)
FNDA:0,(anonymous_9)
FNDA:0,(anonymous_10)
FNDA:0,(anonymous_11)
FNDA:0,(anonymous_12)
DA:1,0
DA:2,0
DA:3,0
DA:5,0
DA:6,0
DA:7,0
DA:12,0
DA:13,0
DA:16,0
DA:17,0
DA:18,0
DA:23,0
DA:28,0
DA:29,0
DA:31,0
DA:35,0
DA:36,0
DA:37,0
DA:39,0
DA:43,0
DA:52,0
DA:53,0
DA:54,0
DA:58,0
DA:59,0
DA:62,0
DA:68,0
DA:69,0
DA:73,0
DA:75,0
DA:79,0
DA:83,0
DA:85,0
DA:86,0
DA:89,0
DA:97,0
DA:102,0
DA:105,0
DA:106,0
DA:113,0
DA:114,0
DA:116,0
DA:121,0
DA:135,0
LF:44
LH:0
BRDA:36,0,0,0
BRDA:53,1,0,0
BRDA:82,2,0,0
BRDA:85,3,0,0
BRDA:113,4,0,0
BRF:5
BRH:0
end_of_record
TN:
SF:src/modules/chat/dto/create-chat-message.dto.ts
FN:46,(anonymous_2)
FNF:1
FNH:0
FNDA:0,(anonymous_2)
DA:1,0
DA:2,0
DA:3,0
DA:5,0
DA:9,0
DA:14,0
DA:19,0
DA:23,0
DA:26,0
DA:30,0
DA:35,0
DA:40,0
DA:46,0
DA:47,0
DA:52,0
LF:15
LH:0
BRF:0
BRH:0
end_of_record
TN:
SF:src/modules/chat/dto/create-chat-room.dto.ts
FN:4,(anonymous_2)
FNF:1
FNH:0
FNDA:0,(anonymous_2)
DA:1,0
DA:2,0
DA:4,0
DA:8,0
DA:14,0
DA:20,0
DA:25,0
LF:7
LH:0
BRF:0
BRH:0
end_of_record
TN:
SF:src/modules/chat/schemas/chat-message.schema.ts
FNF:0
FNH:0
DA:1,0
DA:6,0
DA:8,0
DA:11,0
DA:14,0
DA:17,0
DA:21,0
DA:23,0
DA:26,0
DA:29,0
DA:32,0
DA:35,0
DA:38,0
DA:41,0
DA:44,0
DA:47,0
LF:16
LH:0
BRF:0
BRH:0
end_of_record
TN:
SF:src/modules/chat/schemas/chat-room.schema.ts
FNF:0
FNH:0
DA:1,0
DA:7,0
DA:9,0
DA:12,0
DA:15,0
DA:18,0
DA:21,0
DA:24,0
DA:27,0
DA:30,0
DA:33,0
DA:34,0
LF:12
LH:0
BRF:0
BRH:0
end_of_record
TN:
SF:src/modules/elasticsearch/elasticsearch.controller.ts
FN:13,(anonymous_4)
FN:18,(anonymous_5)
FN:25,(anonymous_6)
FN:43,(anonymous_7)
FNF:4
FNH:0
FNDA:0,(anonymous_4)
FNDA:0,(anonymous_5)
FNDA:0,(anonymous_6)
FNDA:0,(anonymous_7)
DA:1,0
DA:2,0
DA:3,0
DA:4,0
DA:10,0
DA:11,0
DA:13,0
DA:18,0
DA:19,0
DA:25,0
DA:36,0
DA:37,0
DA:43,0
DA:48,0
DA:49,0
LF:15
LH:0
BRDA:45,0,0,0
BRDA:46,1,0,0
BRF:2
BRH:0
end_of_record
TN:
SF:src/modules/elasticsearch/elasticsearch.module.ts
FNF:0
FNH:0
DA:1,0
DA:2,0
DA:3,0
DA:4,0
DA:12,0
LF:5
LH:0
BRF:0
BRH:0
end_of_record
TN:
SF:src/modules/elasticsearch/elasticsearch.service.ts
FN:11,(anonymous_2)
FN:30,(anonymous_3)
FN:42,(anonymous_4)
FN:47,(anonymous_5)
FN:77,(anonymous_6)
FN:95,(anonymous_7)
FN:115,(anonymous_8)
FN:129,(anonymous_9)
FN:144,(anonymous_10)
FN:147,(anonymous_11)
FN:166,(anonymous_12)
FN:181,(anonymous_13)
FN:195,(anonymous_14)
FN:249,(anonymous_15)
FN:270,(anonymous_16)
FN:284,(anonymous_17)
FN:305,(anonymous_18)
FN:319,(anonymous_19)
FNF:18
FNH:0
FNDA:0,(anonymous_2)
FNDA:0,(anonymous_3)
FNDA:0,(anonymous_4)
FNDA:0,(anonymous_5)
FNDA:0,(anonymous_6)
FNDA:0,(anonymous_7)
FNDA:0,(anonymous_8)
FNDA:0,(anonymous_9)
FNDA:0,(anonymous_10)
FNDA:0,(anonymous_11)
FNDA:0,(anonymous_12)
FNDA:0,(anonymous_13)
FNDA:0,(anonymous_14)
FNDA:0,(anonymous_15)
FNDA:0,(anonymous_16)
FNDA:0,(anonymous_17)
FNDA:0,(anonymous_18)
FNDA:0,(anonymous_19)
DA:1,0
DA:2,0
DA:3,0
DA:6,0
DA:7,0
DA:11,0
DA:12,0
DA:13,0
DA:14,0
DA:15,0
DA:17,0
DA:19,0
DA:27,0
DA:31,0
DA:32,0
DA:33,0
DA:36,0
DA:38,0
DA:43,0
DA:44,0
DA:48,0
DA:50,0
DA:51,0
DA:55,0
DA:56,0
DA:58,0
DA:66,0
DA:68,0
DA:71,0
DA:72,0
DA:78,0
DA:79,0
DA:88,0
DA:90,0
DA:91,0
DA:96,0
DA:97,0
DA:108,0
DA:110,0
DA:111,0
DA:116,0
DA:117,0
DA:122,0
DA:124,0
DA:125,0
DA:130,0
DA:131,0
DA:136,0
DA:138,0
DA:139,0
DA:145,0
DA:147,0
DA:156,0
DA:157,0
DA:158,0
DA:160,0
DA:161,0
DA:167,0
DA:169,0
DA:170,0
DA:180,0
DA:181,0
DA:189,0
DA:190,0
DA:204,0
DA:207,0
DA:209,0
DA:210,0
DA:213,0
DA:214,0
DA:217,0
DA:218,0
DA:229,0
DA:230,0
DA:232,0
DA:233,0
DA:236,0
DA:237,0
DA:240,0
DA:243,0
DA:245,0
DA:250,0
DA:252,0
DA:254,0
DA:263,0
DA:265,0
DA:266,0
DA:271,0
DA:272,0
DA:277,0
DA:279,0
DA:280,0
DA:285,0
DA:287,0
DA:288,0
DA:304,0
DA:305,0
DA:313,0
DA:314,0
DA:320,0
DA:321,0
DA:322,0
DA:328,0
DA:329,0
DA:335,0
DA:364,0
LF:106
LH:0
BRDA:17,0,0,0
BRDA:17,0,1,0
BRDA:17,1,0,0
BRDA:17,1,1,0
BRDA:55,2,0,0
BRDA:55,2,1,0
BRDA:83,3,0,0
BRDA:83,3,1,0
BRDA:84,4,0,0
BRDA:84,4,1,0
BRDA:145,5,0,0
BRDA:151,6,0,0
BRDA:151,6,1,0
BRDA:152,7,0,0
BRDA:152,7,1,0
BRDA:166,8,0,0
BRDA:167,9,0,0
BRDA:167,10,0,0
BRDA:167,11,0,0
BRDA:204,12,0,0
BRDA:204,13,0,0
BRDA:209,14,0,0
BRDA:213,15,0,0
BRDA:217,16,0,0
BRDA:229,17,0,0
BRDA:229,18,0,0
BRDA:229,18,1,0
BRDA:232,19,0,0
BRDA:236,20,0,0
BRDA:243,21,0,0
BRDA:243,21,1,0
BRDA:284,22,0,0
BRDA:285,23,0,0
BRDA:285,24,0,0
BRF:34
BRH:0
end_of_record
TN:
SF:src/modules/emails/emails.controller.ts
FN:12,(anonymous_4)
FN:17,(anonymous_5)
FNF:2
FNH:0
FNDA:0,(anonymous_4)
FNDA:0,(anonymous_5)
DA:1,0
DA:2,0
DA:3,0
DA:4,0
DA:5,0
DA:11,0
DA:12,0
DA:17,0
DA:18,0
LF:9
LH:0
BRF:0
BRH:0
end_of_record
TN:
SF:src/modules/emails/emails.module.ts
FNF:0
FNH:0
DA:1,0
DA:2,0
DA:3,0
DA:4,0
DA:12,0
LF:5
LH:0
BRF:0
BRH:0
end_of_record
TN:
SF:src/modules/emails/emails.service.ts
FN:10,(anonymous_2)
FN:14,(anonymous_3)
FN:34,(anonymous_4)
FN:50,(anonymous_5)
FN:69,(anonymous_6)
FNF:5
FNH:0
FNDA:0,(anonymous_2)
FNDA:0,(anonymous_3)
FNDA:0,(anonymous_4)
FNDA:0,(anonymous_5)
FNDA:0,(anonymous_6)
DA:1,0
DA:2,0
DA:3,0
DA:7,0
DA:10,0
DA:11,0
DA:15,0
DA:16,0
DA:24,0
DA:25,0
DA:28,0
DA:30,0
DA:35,0
DA:42,0
DA:51,0
DA:53,0
DA:61,0
DA:70,0
DA:77,0
LF:19
LH:0
BRDA:17,0,0,0
BRDA:17,0,1,0
BRDA:24,1,0,0
BRF:3
BRH:0
end_of_record
TN:
SF:src/modules/emails/dto/send-email.dto.ts
FNF:0
FNH:0
DA:1,0
DA:2,0
DA:4,0
DA:8,0
DA:12,0
DA:17,0
DA:22,0
DA:27,0
LF:8
LH:0
BRF:0
BRH:0
end_of_record
TN:
SF:src/modules/health/health.controller.ts
FN:14,(anonymous_2)
FN:26,(anonymous_3)
FN:28,(anonymous_4)
FN:29,(anonymous_5)
FN:30,(anonymous_6)
FN:31,(anonymous_7)
FNF:6
FNH:0
FNDA:0,(anonymous_2)
FNDA:0,(anonymous_3)
FNDA:0,(anonymous_4)
FNDA:0,(anonymous_5)
FNDA:0,(anonymous_6)
FNDA:0,(anonymous_7)
DA:1,0
DA:2,0
DA:3,0
DA:13,0
DA:15,0
DA:16,0
DA:17,0
DA:18,0
DA:26,0
DA:27,0
DA:28,0
DA:29,0
DA:30,0
DA:31,0
LF:14
LH:0
BRF:0
BRH:0
end_of_record
TN:
SF:src/modules/health/health.module.ts
FNF:0
FNH:0
DA:1,0
DA:2,0
DA:3,0
DA:4,0
DA:10,0
LF:5
LH:0
BRF:0
BRH:0
end_of_record
TN:
SF:src/modules/payments/payments.controller.ts
FN:21,(anonymous_4)
FN:27,(anonymous_5)
FN:35,(anonymous_6)
FN:43,(anonymous_7)
FN:51,(anonymous_8)
FN:58,(anonymous_9)
FNF:6
FNH:0
FNDA:0,(anonymous_4)
FNDA:0,(anonymous_5)
FNDA:0,(anonymous_6)
FNDA:0,(anonymous_7)
FNDA:0,(anonymous_8)
FNDA:0,(anonymous_9)
DA:1,0
DA:12,0
DA:13,0
DA:14,0
DA:15,0
DA:20,0
DA:21,0
DA:27,0
DA:28,0
DA:35,0
DA:36,0
DA:43,0
DA:44,0
DA:51,0
DA:52,0
DA:58,0
DA:62,0
LF:17
LH:0
BRF:0
BRH:0
end_of_record
TN:
SF:src/modules/payments/payments.module.ts
FNF:0
FNH:0
DA:1,0
DA:2,0
DA:3,0
DA:4,0
DA:5,0
DA:6,0
DA:13,0
LF:7
LH:0
BRF:0
BRH:0
end_of_record
TN:
SF:src/modules/payments/payments.service.ts
FN:13,(anonymous_4)
FN:23,(anonymous_5)
FN:54,(anonymous_6)
FN:78,(anonymous_7)
FN:85,(anonymous_8)
FN:93,(anonymous_9)
FN:116,(anonymous_10)
FNF:7
FNH:0
FNDA:0,(anonymous_4)
FNDA:0,(anonymous_5)
FNDA:0,(anonymous_6)
FNDA:0,(anonymous_7)
FNDA:0,(anonymous_8)
FNDA:0,(anonymous_9)
FNDA:0,(anonymous_10)
DA:1,0
DA:2,0
DA:3,0
DA:4,0
DA:5,0
DA:6,0
DA:10,0
DA:15,0
DA:16,0
DA:18,0
DA:24,0
DA:25,0
DA:34,0
DA:43,0
DA:45,0
DA:50,0
DA:55,0
DA:56,0
DA:58,0
DA:62,0
DA:63,0
DA:66,0
DA:70,0
DA:72,0
DA:74,0
DA:79,0
DA:86,0
DA:87,0
DA:88,0
DA:90,0
DA:94,0
DA:96,0
DA:97,0
DA:99,0
DA:101,0
DA:102,0
DA:104,0
DA:105,0
DA:107,0
DA:110,0
DA:112,0
DA:117,0
DA:121,0
DA:122,0
DA:123,0
LF:45
LH:0
BRDA:27,0,0,0
BRDA:27,0,1,0
BRDA:30,1,0,0
BRDA:30,1,1,0
BRDA:38,2,0,0
BRDA:38,2,1,0
BRDA:62,3,0,0
BRDA:66,4,0,0
BRDA:66,4,1,0
BRDA:87,5,0,0
BRDA:99,6,0,0
BRDA:99,6,1,0
BRDA:99,6,2,0
BRDA:121,7,0,0
BRF:14
BRH:0
end_of_record
TN:
SF:src/modules/payments/dto/create-payment.dto.ts
FNF:0
FNH:0
DA:1,0
DA:2,0
DA:4,0
DA:8,0
DA:13,0
DA:18,0
LF:6
LH:0
BRF:0
BRH:0
end_of_record
TN:
SF:src/modules/payments/entities/payment.entity.ts
FN:12,(anonymous_2)
FN:27,(anonymous_3)
FN:27,(anonymous_4)
FNF:3
FNH:1
FNDA:5,(anonymous_2)
FNDA:0,(anonymous_3)
FNDA:0,(anonymous_4)
DA:1,5
DA:10,5
DA:12,5
DA:13,5
DA:14,5
DA:15,5
DA:16,5
DA:20,5
DA:22,5
DA:25,5
DA:27,0
DA:29,5
DA:32,5
DA:35,5
DA:38,5
DA:41,5
DA:48,5
DA:51,5
DA:54,5
LF:19
LH:18
BRDA:12,0,0,5
BRDA:12,0,1,5
BRF:2
BRH:2
end_of_record
TN:
SF:src/modules/queues/queues.module.ts
FNF:0
FNH:0
DA:1,0
DA:2,0
DA:3,0
DA:4,0
DA:11,0
LF:5
LH:0
BRF:0
BRH:0
end_of_record
TN:
SF:src/modules/users/users.controller.ts
FN:24,(anonymous_4)
FN:29,(anonymous_5)
FN:39,(anonymous_6)
FN:48,(anonymous_7)
FN:55,(anonymous_8)
FN:62,(anonymous_9)
FNF:6
FNH:0
FNDA:0,(anonymous_4)
FNDA:0,(anonymous_5)
FNDA:0,(anonymous_6)
FNDA:0,(anonymous_7)
FNDA:0,(anonymous_8)
FNDA:0,(anonymous_9)
DA:1,0
DA:12,0
DA:13,0
DA:14,0
DA:15,0
DA:16,0
DA:17,0
DA:23,0
DA:24,0
DA:29,0
DA:30,0
DA:39,0
DA:40,0
DA:48,0
DA:49,0
DA:55,0
DA:56,0
DA:62,0
DA:63,0
LF:19
LH:0
BRF:0
BRH:0
end_of_record
TN:
SF:src/modules/users/users.module.ts
FNF:0
FNH:0
DA:1,0
DA:2,0
DA:3,0
DA:4,0
DA:5,0
DA:13,0
LF:6
LH:0
BRF:0
BRH:0
end_of_record
TN:
SF:src/modules/users/users.service.ts
FN:13,(anonymous_4)
FN:19,(anonymous_5)
FN:42,(anonymous_6)
FN:48,(anonymous_7)
FN:61,(anonymous_8)
FN:65,(anonymous_9)
FN:91,(anonymous_10)
FN:107,(anonymous_11)
FN:114,(anonymous_12)
FN:152,(anonymous_13)
FN:185,(anonymous_14)
FNF:11
FNH:0
FNDA:0,(anonymous_4)
FNDA:0,(anonymous_5)
FNDA:0,(anonymous_6)
FNDA:0,(anonymous_7)
FNDA:0,(anonymous_8)
FNDA:0,(anonymous_9)
FNDA:0,(anonymous_10)
FNDA:0,(anonymous_11)
FNDA:0,(anonymous_12)
FNDA:0,(anonymous_13)
FNDA:0,(anonymous_14)
DA:1,0
DA:2,0
DA:3,0
DA:4,0
DA:7,0
DA:10,0
DA:11,0
DA:15,0
DA:16,0
DA:20,0
DA:24,0
DA:25,0
DA:28,0
DA:29,0
DA:32,0
DA:33,0
DA:36,0
DA:39,0
DA:43,0
DA:49,0
DA:54,0
DA:55,0
DA:58,0
DA:62,0
DA:66,0
DA:68,0
DA:69,0
DA:72,0
DA:73,0
DA:77,0
DA:78,0
DA:81,0
DA:82,0
DA:85,0
DA:88,0
DA:92,0
DA:93,0
DA:96,0
DA:97,0
DA:100,0
DA:108,0
DA:115,0
DA:116,0
DA:118,0
DA:131,0
DA:133,0
DA:134,0
DA:135,0
DA:136,0
DA:140,0
DA:141,0
DA:144,0
DA:145,0
DA:153,0
DA:154,0
DA:156,0
DA:157,0
DA:158,0
DA:159,0
DA:160,0
DA:163,0
DA:173,0
DA:174,0
DA:177,0
DA:178,0
DA:186,0
DA:187,0
DA:189,0
DA:190,0
DA:191,0
DA:192,0
DA:195,0
DA:196,0
DA:199,0
DA:200,0
LF:75
LH:0
BRDA:24,0,0,0
BRDA:54,1,0,0
BRDA:68,2,0,0
BRDA:68,3,0,0
BRDA:68,3,1,0
BRDA:72,4,0,0
BRDA:133,5,0,0
BRDA:157,6,0,0
BRDA:190,7,0,0
BRF:9
BRH:0
end_of_record
TN:
SF:src/modules/users/dto/create-user.dto.ts
FNF:0
FNH:0
DA:1,0
DA:2,0
DA:3,0
DA:5,0
DA:8,0
DA:14,0
DA:18,0
DA:22,0
DA:27,0
DA:32,0
DA:37,0
DA:41,0
DA:45,0
DA:49,0
DA:53,0
LF:15
LH:0
BRF:0
BRH:0
end_of_record
TN:
SF:src/modules/users/dto/update-user.dto.ts
FNF:0
FNH:0
DA:1,0
DA:2,0
DA:4,0
LF:3
LH:0
BRF:0
BRH:0
end_of_record
TN:
SF:src/modules/users/entities/user.entity.ts
FN:11,(anonymous_2)
FN:56,(anonymous_3)
FN:56,(anonymous_4)
FNF:3
FNH:1
FNDA:5,(anonymous_2)
FNDA:0,(anonymous_3)
FNDA:0,(anonymous_4)
DA:1,5
DA:9,5
DA:11,5
DA:12,5
DA:13,5
DA:14,5
DA:18,5
DA:20,5
DA:23,5
DA:26,5
DA:29,5
DA:32,5
DA:39,5
DA:42,5
DA:45,5
DA:48,5
DA:51,5
DA:54,5
DA:56,0
DA:57,5
DA:60,5
DA:63,5
LF:22
LH:21
BRDA:11,0,0,5
BRDA:11,0,1,5
BRF:2
BRH:2
end_of_record
TN:
SF:src/modules/webhooks/clerk-webhook.controller.ts
FN:18,(anonymous_4)
FN:31,(anonymous_5)
FN:94,(anonymous_6)
FN:105,(anonymous_7)
FN:116,(anonymous_8)
FN:127,(anonymous_9)
FN:160,(anonymous_10)
FNF:7
FNH:0
FNDA:0,(anonymous_4)
FNDA:0,(anonymous_5)
FNDA:0,(anonymous_6)
FNDA:0,(anonymous_7)
FNDA:0,(anonymous_8)
FNDA:0,(anonymous_9)
FNDA:0,(anonymous_10)
DA:1,0
DA:3,0
DA:4,0
DA:5,0
DA:6,0
DA:7,0
DA:8,0
DA:9,0
DA:10,0
DA:15,0
DA:16,0
DA:19,0
DA:20,0
DA:21,0
DA:22,0
DA:31,0
DA:32,0
DA:33,0
DA:34,0
DA:35,0
DA:40,0
DA:42,0
DA:43,0
DA:45,0
DA:52,0
DA:53,0
DA:55,0
DA:58,0
DA:59,0
DA:61,0
DA:64,0
DA:72,0
DA:74,0
DA:81,0
DA:87,0
DA:95,0
DA:96,0
DA:97,0
DA:98,0
DA:100,0
DA:101,0
DA:106,0
DA:107,0
DA:108,0
DA:109,0
DA:111,0
DA:112,0
DA:117,0
DA:118,0
DA:119,0
DA:120,0
DA:122,0
DA:123,0
DA:128,0
DA:129,0
DA:132,0
DA:133,0
DA:134,0
DA:135,0
DA:139,0
DA:153,0
DA:155,0
DA:156,0
DA:161,0
DA:162,0
DA:165,0
DA:167,0
DA:169,0
DA:170,0
LF:69
LH:0
BRDA:33,0,0,0
BRDA:55,1,0,0
BRDA:55,1,1,0
BRDA:66,2,0,0
BRDA:66,2,1,0
BRDA:133,3,0,0
BRDA:143,4,0,0
BRDA:143,4,1,0
BRF:8
BRH:0
end_of_record
TN:
SF:src/modules/webhooks/webhooks.module.ts
FNF:0
FNH:0
DA:1,0
DA:2,0
DA:3,0
DA:4,0
DA:5,0
DA:6,0
DA:7,0
DA:8,0
DA:9,0
DA:10,0
DA:11,0
DA:33,0
LF:12
LH:0
BRF:0
BRH:0
end_of_record
TN:
SF:src/modules/webhooks/dto/clerk-webhook-event.dto.ts
FN:58,(anonymous_2)
FN:143,(anonymous_3)
FNF:2
FNH:0
FNDA:0,(anonymous_2)
FNDA:0,(anonymous_3)
DA:1,0
DA:2,0
DA:3,0
DA:5,0
DA:8,0
DA:12,0
DA:16,0
DA:21,0
DA:24,0
DA:27,0
DA:32,0
DA:37,0
DA:42,0
DA:47,0
DA:50,0
DA:53,0
DA:58,0
DA:59,0
DA:64,0
DA:69,0
DA:74,0
DA:79,0
DA:84,0
DA:88,0
DA:92,0
DA:97,0
DA:102,0
DA:107,0
DA:112,0
DA:116,0
DA:120,0
DA:123,0
DA:126,0
DA:130,0
DA:134,0
DA:138,0
DA:143,0
DA:144,0
DA:149,0
DA:154,0
DA:159,0
DA:162,0
DA:165,0
DA:169,0
DA:173,0
DA:177,0
DA:181,0
DA:186,0
DA:191,0
DA:196,0
DA:201,0
DA:205,0
DA:208,0
DA:211,0
DA:215,0
DA:223,0
DA:233,0
DA:237,0
DA:241,0
DA:246,0
DA:251,0
DA:254,0
DA:257,0
DA:261,0
DA:265,0
DA:270,0
LF:66
LH:0
BRF:0
BRH:0
end_of_record
TN:
SF:src/modules/webhooks/dto/create-session.dto.ts
FNF:0
FNH:0
DA:1,0
DA:2,0
DA:4,0
DA:10,0
DA:17,0
DA:25,0
DA:33,0
DA:41,0
DA:49,0
DA:57,0
LF:10
LH:0
BRF:0
BRH:0
end_of_record
TN:
SF:src/modules/webhooks/dto/update-session.dto.ts
FNF:0
FNH:0
DA:1,0
DA:2,0
DA:4,0
DA:11,0
DA:19,0
DA:27,0
DA:35,0
DA:43,0
LF:8
LH:0
BRF:0
BRH:0
end_of_record
TN:
SF:src/modules/webhooks/entities/user-session.entity.ts
FN:53,(anonymous_2)
FN:57,(anonymous_3)
FN:64,(anonymous_4)
FN:68,(anonymous_5)
FN:27,(anonymous_6)
FNF:5
FNH:0
FNDA:0,(anonymous_2)
FNDA:0,(anonymous_3)
FNDA:0,(anonymous_4)
FNDA:0,(anonymous_5)
FNDA:0,(anonymous_6)
DA:1,1
DA:11,1
DA:17,1
DA:19,1
DA:22,1
DA:25,1
DA:27,0
DA:29,1
DA:32,1
DA:35,1
DA:38,1
DA:41,1
DA:44,1
DA:47,1
DA:50,1
DA:54,0
DA:58,0
DA:59,0
DA:61,0
DA:65,0
DA:69,0
LF:21
LH:14
BRDA:58,0,0,0
BRF:1
BRH:0
end_of_record
TN:
SF:src/modules/webhooks/entities/webhook-event.entity.ts
FN:10,(anonymous_2)
FN:67,(anonymous_3)
FN:76,(anonymous_4)
FN:82,(anonymous_5)
FN:87,(anonymous_6)
FN:91,(anonymous_7)
FNF:6
FNH:0
FNDA:0,(anonymous_2)
FNDA:0,(anonymous_3)
FNDA:0,(anonymous_4)
FNDA:0,(anonymous_5)
FNDA:0,(anonymous_6)
FNDA:0,(anonymous_7)
DA:1,0
DA:10,0
DA:11,0
DA:12,0
DA:13,0
DA:14,0
DA:22,0
DA:24,0
DA:27,0
DA:30,0
DA:33,0
DA:40,0
DA:43,0
DA:46,0
DA:49,0
DA:52,0
DA:55,0
DA:58,0
DA:61,0
DA:64,0
DA:68,0
DA:69,0
DA:70,0
DA:71,0
DA:72,0
DA:77,0
DA:78,0
DA:79,0
DA:83,0
DA:84,0
DA:88,0
DA:92,0
DA:93,0
DA:95,0
LF:34
LH:0
BRDA:10,0,0,0
BRDA:10,0,1,0
BRDA:71,1,0,0
BRDA:88,2,0,0
BRDA:88,2,1,0
BRDA:92,3,0,0
BRDA:92,4,0,0
BRDA:92,4,1,0
BRF:8
BRH:0
end_of_record
TN:
SF:src/modules/webhooks/filters/webhook-exception.filter.ts
FN:5,(anonymous_1)
FN:8,(anonymous_2)
FN:74,(anonymous_3)
FN:112,(anonymous_4)
FN:132,(anonymous_5)
FN:167,(anonymous_6)
FN:202,(anonymous_7)
FN:220,(anonymous_8)
FNF:8
FNH:0
FNDA:0,(anonymous_1)
FNDA:0,(anonymous_2)
FNDA:0,(anonymous_3)
FNDA:0,(anonymous_4)
FNDA:0,(anonymous_5)
FNDA:0,(anonymous_6)
FNDA:0,(anonymous_7)
FNDA:0,(anonymous_8)
DA:1,0
DA:5,0
DA:6,0
DA:9,0
DA:10,0
DA:11,0
DA:13,0
DA:14,0
DA:17,0
DA:21,0
DA:26,0
DA:42,0
DA:45,0
DA:67,0
DA:69,0
DA:75,0
DA:77,0
DA:78,0
DA:81,0
DA:82,0
DA:85,0
DA:86,0
DA:89,0
DA:90,0
DA:93,0
DA:94,0
DA:97,0
DA:98,0
DA:101,0
DA:102,0
DA:105,0
DA:106,0
DA:109,0
DA:113,0
DA:121,0
DA:124,0
DA:128,0
DA:133,0
DA:135,0
DA:138,0
DA:141,0
DA:144,0
DA:147,0
DA:150,0
DA:153,0
DA:156,0
DA:160,0
DA:168,0
DA:169,0
DA:171,0
DA:172,0
DA:173,0
DA:176,0
DA:177,0
DA:178,0
DA:181,0
DA:182,0
DA:183,0
DA:186,0
DA:187,0
DA:188,0
DA:191,0
DA:192,0
DA:193,0
DA:196,0
DA:204,0
DA:214,0
DA:221,0
LF:68
LH:0
BRDA:17,0,0,0
BRDA:17,0,1,0
BRDA:19,1,0,0
BRDA:19,1,1,0
BRDA:21,2,0,0
BRDA:21,2,1,0
BRDA:22,3,0,0
BRDA:22,3,1,0
BRDA:32,4,0,0
BRDA:32,4,1,0
BRDA:36,5,0,0
BRDA:36,5,1,0
BRDA:53,6,0,0
BRDA:53,6,1,0
BRDA:53,6,2,0
BRDA:58,7,0,0
BRDA:58,7,1,0
BRDA:59,8,0,0
BRDA:59,8,1,0
BRDA:77,9,0,0
BRDA:77,10,0,0
BRDA:77,10,1,0
BRDA:81,11,0,0
BRDA:81,12,0,0
BRDA:81,12,1,0
BRDA:85,13,0,0
BRDA:85,14,0,0
BRDA:85,14,1,0
BRDA:89,15,0,0
BRDA:89,16,0,0
BRDA:89,16,1,0
BRDA:93,17,0,0
BRDA:97,18,0,0
BRDA:97,19,0,0
BRDA:97,19,1,0
BRDA:101,20,0,0
BRDA:101,21,0,0
BRDA:101,21,1,0
BRDA:105,22,0,0
BRDA:105,23,0,0
BRDA:105,23,1,0
BRDA:113,24,0,0
BRDA:113,24,1,0
BRDA:113,24,2,0
BRDA:113,24,3,0
BRDA:113,24,4,0
BRDA:113,24,5,0
BRDA:113,24,6,0
BRDA:113,24,7,0
BRDA:113,24,8,0
BRDA:113,24,9,0
BRDA:133,25,0,0
BRDA:133,25,1,0
BRDA:133,25,2,0
BRDA:133,25,3,0
BRDA:133,25,4,0
BRDA:133,25,5,0
BRDA:133,25,6,0
BRDA:133,25,7,0
BRDA:133,25,8,0
BRDA:133,25,9,0
BRDA:171,26,0,0
BRDA:176,27,0,0
BRDA:181,28,0,0
BRDA:186,29,0,0
BRDA:191,30,0,0
BRDA:230,31,0,0
BRDA:230,31,1,0
BRF:68
BRH:0
end_of_record
TN:
SF:src/modules/webhooks/services/session-tracking.service.ts
FN:12,(anonymous_4)
FN:20,(anonymous_5)
FN:47,(anonymous_6)
FN:76,(anonymous_7)
FN:103,(anonymous_8)
FN:126,(anonymous_9)
FN:145,(anonymous_10)
FN:166,(anonymous_11)
FN:192,(anonymous_12)
FN:213,(anonymous_13)
FNF:10
FNH:10
FNDA:20,(anonymous_4)
FNDA:2,(anonymous_5)
FNDA:3,(anonymous_6)
FNDA:3,(anonymous_7)
FNDA:2,(anonymous_8)
FNDA:3,(anonymous_9)
FNDA:3,(anonymous_10)
FNDA:2,(anonymous_11)
FNDA:2,(anonymous_12)
FNDA:2,(anonymous_13)
DA:1,1
DA:2,1
DA:3,1
DA:4,1
DA:9,1
DA:10,20
DA:14,20
DA:21,2
DA:22,2
DA:24,2
DA:34,2
DA:35,1
DA:37,1
DA:39,1
DA:40,1
DA:48,3
DA:49,3
DA:51,3
DA:55,3
DA:56,1
DA:59,2
DA:60,2
DA:62,1
DA:63,1
DA:65,2
DA:66,1
DA:68,1
DA:69,1
DA:77,3
DA:78,3
DA:80,3
DA:85,2
DA:86,1
DA:87,1
DA:90,1
DA:92,2
DA:93,1
DA:95,1
DA:96,1
DA:104,2
DA:105,2
DA:107,2
DA:115,1
DA:116,1
DA:118,1
DA:119,1
DA:127,3
DA:128,3
DA:130,3
DA:135,2
DA:137,1
DA:138,1
DA:146,3
DA:147,3
DA:149,3
DA:154,2
DA:155,1
DA:158,1
DA:167,2
DA:168,2
DA:170,2
DA:171,2
DA:173,2
DA:179,1
DA:180,1
DA:182,1
DA:184,1
DA:185,1
DA:197,2
DA:198,2
DA:200,2
DA:206,1
DA:211,1
DA:212,1
DA:213,1
DA:214,2
DA:215,2
DA:217,0
DA:219,1
DA:222,1
DA:228,1
DA:229,1
LF:82
LH:81
BRDA:27,0,0,2
BRDA:27,0,1,2
BRDA:28,1,0,2
BRDA:28,1,1,2
BRDA:55,2,0,1
BRDA:65,3,0,1
BRDA:85,4,0,1
BRDA:92,5,0,1
BRDA:154,6,0,1
BRDA:166,7,0,0
BRDA:179,8,0,1
BRDA:179,8,1,0
BRDA:212,9,0,1
BRDA:214,10,0,2
BRF:14
BRH:12
end_of_record
TN:
SF:src/modules/webhooks/services/webhook-transaction.service.ts
FN:20,(anonymous_4)
FN:32,(anonymous_5)
FN:39,(anonymous_6)
FN:65,(anonymous_7)
FN:93,(anonymous_8)
FN:107,(anonymous_9)
FN:116,(anonymous_10)
FN:129,(anonymous_11)
FN:157,(anonymous_12)
FN:167,(anonymous_13)
FN:183,(anonymous_14)
FN:206,(anonymous_15)
FN:227,(anonymous_16)
FN:243,(anonymous_17)
FNF:14
FNH:0
FNDA:0,(anonymous_4)
FNDA:0,(anonymous_5)
FNDA:0,(anonymous_6)
FNDA:0,(anonymous_7)
FNDA:0,(anonymous_8)
FNDA:0,(anonymous_9)
FNDA:0,(anonymous_10)
FNDA:0,(anonymous_11)
FNDA:0,(anonymous_12)
FNDA:0,(anonymous_13)
FNDA:0,(anonymous_14)
FNDA:0,(anonymous_15)
FNDA:0,(anonymous_16)
FNDA:0,(anonymous_17)
DA:1,0
DA:2,0
DA:3,0
DA:4,0
DA:5,0
DA:6,0
DA:17,0
DA:18,0
DA:22,0
DA:24,0
DA:25,0
DA:26,0
DA:33,0
DA:36,0
DA:38,0
DA:39,0
DA:40,0
DA:43,0
DA:46,0
DA:47,0
DA:49,0
DA:52,0
DA:55,0
DA:56,0
DA:58,0
DA:69,0
DA:71,0
DA:72,0
DA:74,0
DA:75,0
DA:77,0
DA:78,0
DA:80,0
DA:81,0
DA:83,0
DA:84,0
DA:86,0
DA:94,0
DA:98,0
DA:108,0
DA:110,0
DA:117,0
DA:120,0
DA:121,0
DA:122,0
DA:130,0
DA:133,0
DA:134,0
DA:135,0
DA:139,0
DA:158,0
DA:161,0
DA:168,0
DA:177,0
DA:189,0
DA:190,0
DA:197,0
DA:204,0
DA:205,0
DA:206,0
DA:207,0
DA:209,0
DA:212,0
DA:219,0
DA:220,0
DA:228,0
DA:229,0
DA:235,0
DA:236,0
DA:244,0
DA:245,0
DA:249,0
DA:250,0
DA:253,0
DA:254,0
DA:257,0
DA:258,0
DA:261,0
DA:269,0
DA:271,0
DA:272,0
LF:81
LH:0
BRDA:69,0,0,0
BRDA:69,0,1,0
BRDA:69,0,2,0
BRDA:69,0,3,0
BRDA:69,0,4,0
BRDA:69,0,5,0
BRDA:121,1,0,0
BRDA:134,2,0,0
BRDA:143,3,0,0
BRDA:143,3,1,0
BRDA:205,4,0,0
BRDA:207,5,0,0
BRDA:207,5,1,0
BRDA:227,6,0,0
BRDA:249,7,0,0
BRDA:253,8,0,0
BRF:16
BRH:0
end_of_record
TN:
SF:src/tools/clerk-migration.ts
FN:29,migrateUsersToClerk
FNF:1
FNH:0
FNDA:0,migrateUsersToClerk
DA:9,0
DA:10,0
DA:11,0
DA:12,0
DA:15,0
DA:18,0
DA:30,0
DA:32,0
DA:34,0
DA:40,0
DA:41,0
DA:44,0
DA:45,0
DA:48,0
DA:49,0
DA:51,0
DA:52,0
DA:54,0
DA:58,0
DA:59,0
DA:62,0
DA:73,0
DA:77,0
DA:80,0
DA:83,0
DA:86,0
DA:98,0
DA:110,0
DA:113,0
DA:114,0
DA:118,0
DA:120,0
DA:123,0
DA:124,0
DA:128,0
LF:35
LH:0
BRDA:20,0,0,0
BRDA:20,0,1,0
BRDA:21,1,0,0
BRDA:21,1,1,0
BRDA:22,2,0,0
BRDA:22,2,1,0
BRDA:23,3,0,0
BRDA:23,3,1,0
BRDA:24,4,0,0
BRDA:24,4,1,0
BRDA:58,5,0,0
BRDA:58,5,1,0
BRF:12
BRH:0
end_of_record
