<?xml version="1.0" encoding="UTF-8"?>
<testsuites name="Component Tests" tests="35" failures="0" errors="0" time="4.768">
  <testsuite name="Clerk Admin Endpoints Component Tests" errors="0" failures="0" skipped="0" timestamp="2025-07-04T15:53:58" time="4.528" tests="35">
    <testcase classname="Clerk Admin Endpoints Component Tests Authentication and Authorization Flow should authenticate and authorize admin for admin endpoints" name="Clerk Admin Endpoints Component Tests Authentication and Authorization Flow should authenticate and authorize admin for admin endpoints" time="0.173">
    </testcase>
    <testcase classname="Clerk Admin Endpoints Component Tests Authentication and Authorization Flow should reject unauthenticated requests" name="Clerk Admin Endpoints Component Tests Authentication and Authorization Flow should reject unauthenticated requests" time="0.009">
    </testcase>
    <testcase classname="Clerk Admin Endpoints Component Tests Authentication and Authorization Flow should reject requests from non-admin users" name="Clerk Admin Endpoints Component Tests Authentication and Authorization Flow should reject requests from non-admin users" time="0.007">
    </testcase>
    <testcase classname="Clerk Admin Endpoints Component Tests GET /clerk/admin/users/:userId/sessions should return user sessions successfully" name="Clerk Admin Endpoints Component Tests GET /clerk/admin/users/:userId/sessions should return user sessions successfully" time="0.006">
    </testcase>
    <testcase classname="Clerk Admin Endpoints Component Tests GET /clerk/admin/users/:userId/sessions should handle empty sessions list" name="Clerk Admin Endpoints Component Tests GET /clerk/admin/users/:userId/sessions should handle empty sessions list" time="0.008">
    </testcase>
    <testcase classname="Clerk Admin Endpoints Component Tests GET /clerk/admin/users/:userId/sessions should handle invalid user ID" name="Clerk Admin Endpoints Component Tests GET /clerk/admin/users/:userId/sessions should handle invalid user ID" time="0.006">
    </testcase>
    <testcase classname="Clerk Admin Endpoints Component Tests GET /clerk/admin/users/:userId/sessions should validate userId parameter format" name="Clerk Admin Endpoints Component Tests GET /clerk/admin/users/:userId/sessions should validate userId parameter format" time="0.006">
    </testcase>
    <testcase classname="Clerk Admin Endpoints Component Tests DELETE /clerk/admin/users/:userId/sessions should revoke all user sessions successfully" name="Clerk Admin Endpoints Component Tests DELETE /clerk/admin/users/:userId/sessions should revoke all user sessions successfully" time="0.007">
    </testcase>
    <testcase classname="Clerk Admin Endpoints Component Tests DELETE /clerk/admin/users/:userId/sessions should handle service errors gracefully" name="Clerk Admin Endpoints Component Tests DELETE /clerk/admin/users/:userId/sessions should handle service errors gracefully" time="0.011">
    </testcase>
    <testcase classname="Clerk Admin Endpoints Component Tests DELETE /clerk/admin/users/:userId/sessions should handle non-existent user gracefully" name="Clerk Admin Endpoints Component Tests DELETE /clerk/admin/users/:userId/sessions should handle non-existent user gracefully" time="0.009">
    </testcase>
    <testcase classname="Clerk Admin Endpoints Component Tests Regular User Endpoints (Non-Admin) should allow regular users to access their own sessions" name="Clerk Admin Endpoints Component Tests Regular User Endpoints (Non-Admin) should allow regular users to access their own sessions" time="0.014">
    </testcase>
    <testcase classname="Clerk Admin Endpoints Component Tests Regular User Endpoints (Non-Admin) should allow regular users to revoke their own sessions" name="Clerk Admin Endpoints Component Tests Regular User Endpoints (Non-Admin) should allow regular users to revoke their own sessions" time="0.007">
    </testcase>
    <testcase classname="Clerk Admin Endpoints Component Tests Regular User Endpoints (Non-Admin) should allow regular users to revoke all their sessions" name="Clerk Admin Endpoints Component Tests Regular User Endpoints (Non-Admin) should allow regular users to revoke all their sessions" time="0.006">
    </testcase>
    <testcase classname="Clerk Admin Endpoints Component Tests Guard Component Interaction Testing should apply ClerkAuthGuard to all endpoints" name="Clerk Admin Endpoints Component Tests Guard Component Interaction Testing should apply ClerkAuthGuard to all endpoints" time="0.007">
    </testcase>
    <testcase classname="Clerk Admin Endpoints Component Tests Guard Component Interaction Testing should apply RolesGuard only to admin endpoints" name="Clerk Admin Endpoints Component Tests Guard Component Interaction Testing should apply RolesGuard only to admin endpoints" time="0.007">
    </testcase>
    <testcase classname="Clerk Admin Endpoints Component Tests Guard Component Interaction Testing should ensure proper guard execution order" name="Clerk Admin Endpoints Component Tests Guard Component Interaction Testing should ensure proper guard execution order" time="0.005">
    </testcase>
    <testcase classname="Clerk Admin Endpoints Component Tests Error Handling Component Behavior should handle Clerk service timeout errors" name="Clerk Admin Endpoints Component Tests Error Handling Component Behavior should handle Clerk service timeout errors" time="0.004">
    </testcase>
    <testcase classname="Clerk Admin Endpoints Component Tests Error Handling Component Behavior should handle Clerk API rate limiting" name="Clerk Admin Endpoints Component Tests Error Handling Component Behavior should handle Clerk API rate limiting" time="0.005">
    </testcase>
    <testcase classname="Clerk Admin Endpoints Component Tests Error Handling Component Behavior should handle network connectivity issues" name="Clerk Admin Endpoints Component Tests Error Handling Component Behavior should handle network connectivity issues" time="0.005">
    </testcase>
    <testcase classname="Clerk Admin Endpoints Component Tests Vấn đề 1.1: SDK Upgrade &amp; Provider Pattern - Component Tests API Request Authentication with authenticateRequest should successfully authenticate API request with valid Authorization header" name="Clerk Admin Endpoints Component Tests Vấn đề 1.1: SDK Upgrade &amp; Provider Pattern - Component Tests API Request Authentication with authenticateRequest should successfully authenticate API request with valid Authorization header" time="0.005">
    </testcase>
    <testcase classname="Clerk Admin Endpoints Component Tests Vấn đề 1.1: SDK Upgrade &amp; Provider Pattern - Component Tests API Request Authentication with authenticateRequest should reject API request with invalid Authorization header" name="Clerk Admin Endpoints Component Tests Vấn đề 1.1: SDK Upgrade &amp; Provider Pattern - Component Tests API Request Authentication with authenticateRequest should reject API request with invalid Authorization header" time="0.004">
    </testcase>
    <testcase classname="Clerk Admin Endpoints Component Tests Vấn đề 1.1: SDK Upgrade &amp; Provider Pattern - Component Tests API Request Authentication with authenticateRequest should reject API request with missing Authorization header" name="Clerk Admin Endpoints Component Tests Vấn đề 1.1: SDK Upgrade &amp; Provider Pattern - Component Tests API Request Authentication with authenticateRequest should reject API request with missing Authorization header" time="0.006">
    </testcase>
    <testcase classname="Clerk Admin Endpoints Component Tests Vấn đề 1.1: SDK Upgrade &amp; Provider Pattern - Component Tests API Request Authentication with authenticateRequest should verify networkless behavior - no external network calls during authentication" name="Clerk Admin Endpoints Component Tests Vấn đề 1.1: SDK Upgrade &amp; Provider Pattern - Component Tests API Request Authentication with authenticateRequest should verify networkless behavior - no external network calls during authentication" time="0.005">
    </testcase>
    <testcase classname="Clerk Admin Endpoints Component Tests Vấn đề 1.1: SDK Upgrade &amp; Provider Pattern - Component Tests ClerkUser Object Attachment should attach clerkUser object to request after successful authentication" name="Clerk Admin Endpoints Component Tests Vấn đề 1.1: SDK Upgrade &amp; Provider Pattern - Component Tests ClerkUser Object Attachment should attach clerkUser object to request after successful authentication" time="0.008">
    </testcase>
    <testcase classname="Clerk Admin Endpoints Component Tests Vấn đề 1.1: SDK Upgrade &amp; Provider Pattern - Component Tests ClerkUser Object Attachment should not attach clerkUser object when authentication fails" name="Clerk Admin Endpoints Component Tests Vấn đề 1.1: SDK Upgrade &amp; Provider Pattern - Component Tests ClerkUser Object Attachment should not attach clerkUser object when authentication fails" time="0.005">
    </testcase>
    <testcase classname="Clerk Admin Endpoints Component Tests Refactoring Verification should work without AdminGuard dependency" name="Clerk Admin Endpoints Component Tests Refactoring Verification should work without AdminGuard dependency" time="0.004">
    </testcase>
    <testcase classname="Clerk Admin Endpoints Component Tests Refactoring Verification should use new guard combination (ClerkAuthGuard + RolesGuard)" name="Clerk Admin Endpoints Component Tests Refactoring Verification should use new guard combination (ClerkAuthGuard + RolesGuard)" time="0.006">
    </testcase>
    <testcase classname="Clerk Admin Endpoints Component Tests Refactoring Verification should not reference AdminGuard anywhere in the flow" name="Clerk Admin Endpoints Component Tests Refactoring Verification should not reference AdminGuard anywhere in the flow" time="0.004">
    </testcase>
    <testcase classname="Clerk Admin Endpoints Component Tests Enhanced Role-based Authorization Component Tests RolesAny Decorator Behavior should allow access to admin endpoints when RolesGuard passes (simulating RolesAny logic)" name="Clerk Admin Endpoints Component Tests Enhanced Role-based Authorization Component Tests RolesAny Decorator Behavior should allow access to admin endpoints when RolesGuard passes (simulating RolesAny logic)" time="0.005">
    </testcase>
    <testcase classname="Clerk Admin Endpoints Component Tests Enhanced Role-based Authorization Component Tests RolesAny Decorator Behavior should deny access to admin endpoints when RolesGuard fails (simulating RolesAny logic)" name="Clerk Admin Endpoints Component Tests Enhanced Role-based Authorization Component Tests RolesAny Decorator Behavior should deny access to admin endpoints when RolesGuard fails (simulating RolesAny logic)" time="0.004">
    </testcase>
    <testcase classname="Clerk Admin Endpoints Component Tests Enhanced Role-based Authorization Component Tests RolesAll Decorator Behavior should allow access to admin endpoints when RolesGuard passes (simulating RolesAll logic)" name="Clerk Admin Endpoints Component Tests Enhanced Role-based Authorization Component Tests RolesAll Decorator Behavior should allow access to admin endpoints when RolesGuard passes (simulating RolesAll logic)" time="0.004">
    </testcase>
    <testcase classname="Clerk Admin Endpoints Component Tests Enhanced Role-based Authorization Component Tests RolesAll Decorator Behavior should deny access to admin endpoints when RolesGuard fails (simulating RolesAll logic)" name="Clerk Admin Endpoints Component Tests Enhanced Role-based Authorization Component Tests RolesAll Decorator Behavior should deny access to admin endpoints when RolesGuard fails (simulating RolesAll logic)" time="0.004">
    </testcase>
    <testcase classname="Clerk Admin Endpoints Component Tests Enhanced Role-based Authorization Component Tests Edge Cases and Error Scenarios should handle authorization failures gracefully" name="Clerk Admin Endpoints Component Tests Enhanced Role-based Authorization Component Tests Edge Cases and Error Scenarios should handle authorization failures gracefully" time="0.004">
    </testcase>
    <testcase classname="Clerk Admin Endpoints Component Tests Enhanced Role-based Authorization Component Tests Edge Cases and Error Scenarios should handle authentication failures before authorization" name="Clerk Admin Endpoints Component Tests Enhanced Role-based Authorization Component Tests Edge Cases and Error Scenarios should handle authentication failures before authorization" time="0.005">
    </testcase>
    <testcase classname="Clerk Admin Endpoints Component Tests Enhanced Role-based Authorization Component Tests Edge Cases and Error Scenarios should handle mixed role scenarios correctly" name="Clerk Admin Endpoints Component Tests Enhanced Role-based Authorization Component Tests Edge Cases and Error Scenarios should handle mixed role scenarios correctly" time="0.008">
    </testcase>
  </testsuite>
</testsuites>