{"/media/nguyenthanhhung/Code/TheShoeBolt/src/modules/Infrastructure/clerk/clerk.controller.ts": {"path":"/media/nguyenthanhhung/Code/TheShoeBolt/src/modules/Infrastructure/clerk/clerk.controller.ts","statementMap":{"0":{"start":{"line":1,"column":0},"end":{"line":1,"column":null}},"1":{"start":{"line":12,"column":0},"end":{"line":12,"column":79}},"2":{"start":{"line":13,"column":0},"end":{"line":13,"column":62}},"3":{"start":{"line":14,"column":0},"end":{"line":14,"column":59}},"4":{"start":{"line":15,"column":0},"end":{"line":15,"column":62}},"5":{"start":{"line":16,"column":0},"end":{"line":16,"column":59}},"6":{"start":{"line":17,"column":0},"end":{"line":17,"column":60}},"7":{"start":{"line":22,"column":7},"end":{"line":91,"column":null}},"8":{"start":{"line":23,"column":31},"end":{"line":23,"column":52}},"9":{"start":{"line":30,"column":21},"end":{"line":30,"column":88}},"10":{"start":{"line":31,"column":4},"end":{"line":34,"column":6}},"11":{"start":{"line":44,"column":27},"end":{"line":44,"column":82}},"12":{"start":{"line":45,"column":4},"end":{"line":48,"column":6}},"13":{"start":{"line":57,"column":24},"end":{"line":57,"column":98}},"14":{"start":{"line":58,"column":4},"end":{"line":61,"column":6}},"15":{"start":{"line":70,"column":21},"end":{"line":70,"column":74}},"16":{"start":{"line":71,"column":4},"end":{"line":75,"column":6}},"17":{"start":{"line":85,"column":24},"end":{"line":85,"column":84}},"18":{"start":{"line":86,"column":4},"end":{"line":89,"column":6}},"19":{"start":{"line":22,"column":13},"end":{"line":22,"column":28}},"20":{"start":{"line":29,"column":8},"end":{"line":35,"column":null}},"21":{"start":{"line":43,"column":8},"end":{"line":49,"column":null}},"22":{"start":{"line":56,"column":8},"end":{"line":62,"column":null}},"23":{"start":{"line":69,"column":8},"end":{"line":76,"column":null}},"24":{"start":{"line":84,"column":8},"end":{"line":90,"column":null}},"25":{"start":{"line":22,"column":13},"end":{"line":91,"column":null}}},"fnMap":{"0":{"name":"(anonymous_4)","decl":{"start":{"line":23,"column":2},"end":{"line":23,"column":31}},"loc":{"start":{"line":23,"column":71},"end":{"line":23,"column":75}}},"1":{"name":"(anonymous_5)","decl":{"start":{"line":29,"column":2},"end":{"line":29,"column":7}},"loc":{"start":{"line":29,"column":38},"end":{"line":35,"column":3}}},"2":{"name":"(anonymous_6)","decl":{"start":{"line":43,"column":2},"end":{"line":43,"column":7}},"loc":{"start":{"line":43,"column":59},"end":{"line":49,"column":3}}},"3":{"name":"(anonymous_7)","decl":{"start":{"line":56,"column":2},"end":{"line":56,"column":7}},"loc":{"start":{"line":56,"column":40},"end":{"line":62,"column":3}}},"4":{"name":"(anonymous_8)","decl":{"start":{"line":69,"column":2},"end":{"line":69,"column":7}},"loc":{"start":{"line":69,"column":58},"end":{"line":76,"column":3}}},"5":{"name":"(anonymous_9)","decl":{"start":{"line":84,"column":2},"end":{"line":84,"column":7}},"loc":{"start":{"line":84,"column":61},"end":{"line":90,"column":3}}}},"branchMap":{},"s":{"0":2,"1":2,"2":2,"3":2,"4":2,"5":2,"6":2,"7":2,"8":12,"9":1,"10":1,"11":1,"12":1,"13":1,"14":1,"15":1,"16":1,"17":1,"18":1,"19":2,"20":2,"21":2,"22":2,"23":2,"24":2,"25":2},"f":{"0":12,"1":1,"2":1,"3":1,"4":1,"5":1},"b":{}}
,"/media/nguyenthanhhung/Code/TheShoeBolt/src/modules/Infrastructure/clerk/clerk.module.ts": {"path":"/media/nguyenthanhhung/Code/TheShoeBolt/src/modules/Infrastructure/clerk/clerk.module.ts","statementMap":{"0":{"start":{"line":1,"column":0},"end":{"line":1,"column":55}},"1":{"start":{"line":2,"column":0},"end":{"line":2,"column":61}},"2":{"start":{"line":3,"column":0},"end":{"line":3,"column":62}},"3":{"start":{"line":4,"column":0},"end":{"line":4,"column":53}},"4":{"start":{"line":5,"column":0},"end":{"line":5,"column":59}},"5":{"start":{"line":6,"column":0},"end":{"line":6,"column":86}},"6":{"start":{"line":14,"column":24},"end":{"line":55,"column":null}},"7":{"start":{"line":16,"column":4},"end":{"line":30,"column":6}},"8":{"start":{"line":34,"column":4},"end":{"line":53,"column":6}},"9":{"start":{"line":41,"column":77},"end":{"line":44,"column":12}},"10":{"start":{"line":14,"column":13},"end":{"line":14,"column":24}},"11":{"start":{"line":14,"column":13},"end":{"line":55,"column":null}}},"fnMap":{"0":{"name":"(anonymous_1)","decl":{"start":{"line":15,"column":2},"end":{"line":15,"column":8}},"loc":{"start":{"line":15,"column":44},"end":{"line":31,"column":3}}},"1":{"name":"(anonymous_2)","decl":{"start":{"line":33,"column":2},"end":{"line":33,"column":8}},"loc":{"start":{"line":33,"column":21},"end":{"line":54,"column":3}}},"2":{"name":"(anonymous_3)","decl":{"start":{"line":41,"column":22},"end":{"line":41,"column":23}},"loc":{"start":{"line":41,"column":77},"end":{"line":44,"column":12}}}},"branchMap":{},"s":{"0":1,"1":1,"2":1,"3":1,"4":1,"5":1,"6":1,"7":0,"8":6,"9":6,"10":1,"11":1},"f":{"0":0,"1":6,"2":6},"b":{}}
,"/media/nguyenthanhhung/Code/TheShoeBolt/src/modules/Infrastructure/clerk/clerk.session.service.ts": {"path":"/media/nguyenthanhhung/Code/TheShoeBolt/src/modules/Infrastructure/clerk/clerk.session.service.ts","statementMap":{"0":{"start":{"line":1,"column":0},"end":{"line":1,"column":75}},"1":{"start":{"line":4,"column":0},"end":{"line":4,"column":65}},"2":{"start":{"line":7,"column":7},"end":{"line":180,"column":null}},"3":{"start":{"line":9,"column":43},"end":{"line":9,"column":67}},"4":{"start":{"line":10,"column":46},"end":{"line":10,"column":73}},"5":{"start":{"line":19,"column":4},"end":{"line":26,"column":5}},"6":{"start":{"line":20,"column":23},"end":{"line":22,"column":8}},"7":{"start":{"line":23,"column":6},"end":{"line":23,"column":22}},"8":{"start":{"line":25,"column":6},"end":{"line":25,"column":82}},"9":{"start":{"line":35,"column":4},"end":{"line":40,"column":5}},"10":{"start":{"line":36,"column":29},"end":{"line":36,"column":85}},"11":{"start":{"line":37,"column":6},"end":{"line":37,"column":28}},"12":{"start":{"line":39,"column":6},"end":{"line":39,"column":84}},"13":{"start":{"line":49,"column":4},"end":{"line":73,"column":5}},"14":{"start":{"line":51,"column":22},"end":{"line":54,"column":8}},"15":{"start":{"line":56,"column":25},"end":{"line":59,"column":8}},"16":{"start":{"line":61,"column":24},"end":{"line":63,"column":8}},"17":{"start":{"line":65,"column":6},"end":{"line":67,"column":7}},"18":{"start":{"line":66,"column":8},"end":{"line":66,"column":73}},"19":{"start":{"line":69,"column":25},"end":{"line":69,"column":43}},"20":{"start":{"line":70,"column":6},"end":{"line":70,"column":38}},"21":{"start":{"line":72,"column":6},"end":{"line":72,"column":81}},"22":{"start":{"line":82,"column":4},"end":{"line":87,"column":5}},"23":{"start":{"line":83,"column":22},"end":{"line":83,"column":75}},"24":{"start":{"line":84,"column":6},"end":{"line":84,"column":21}},"25":{"start":{"line":86,"column":6},"end":{"line":86,"column":81}},"26":{"start":{"line":96,"column":4},"end":{"line":101,"column":5}},"27":{"start":{"line":97,"column":19},"end":{"line":97,"column":63}},"28":{"start":{"line":98,"column":6},"end":{"line":98,"column":18}},"29":{"start":{"line":100,"column":6},"end":{"line":100,"column":78}},"30":{"start":{"line":110,"column":4},"end":{"line":157,"column":5}},"31":{"start":{"line":112,"column":22},"end":{"line":115,"column":8}},"32":{"start":{"line":117,"column":25},"end":{"line":120,"column":8}},"33":{"start":{"line":123,"column":24},"end":{"line":125,"column":8}},"34":{"start":{"line":127,"column":6},"end":{"line":129,"column":7}},"35":{"start":{"line":128,"column":8},"end":{"line":128,"column":73}},"36":{"start":{"line":131,"column":25},"end":{"line":131,"column":43}},"37":{"start":{"line":132,"column":28},"end":{"line":132,"column":52}},"38":{"start":{"line":135,"column":22},"end":{"line":135,"column":62}},"39":{"start":{"line":137,"column":6},"end":{"line":139,"column":7}},"40":{"start":{"line":138,"column":8},"end":{"line":138,"column":71}},"41":{"start":{"line":142,"column":19},"end":{"line":142,"column":53}},"42":{"start":{"line":144,"column":6},"end":{"line":154,"column":8}},"43":{"start":{"line":156,"column":6},"end":{"line":156,"column":81}},"44":{"start":{"line":166,"column":4},"end":{"line":178,"column":5}},"45":{"start":{"line":168,"column":31},"end":{"line":168,"column":64}},"46":{"start":{"line":171,"column":30},"end":{"line":172,"column":null}},"47":{"start":{"line":172,"column":52},"end":{"line":172,"column":82}},"48":{"start":{"line":175,"column":6},"end":{"line":175,"column":29}},"49":{"start":{"line":177,"column":6},"end":{"line":177,"column":94}},"50":{"start":{"line":7,"column":13},"end":{"line":7,"column":32}},"51":{"start":{"line":7,"column":13},"end":{"line":180,"column":null}}},"fnMap":{"0":{"name":"(anonymous_4)","decl":{"start":{"line":8,"column":2},"end":{"line":8,"column":null}},"loc":{"start":{"line":10,"column":73},"end":{"line":11,"column":6}}},"1":{"name":"(anonymous_5)","decl":{"start":{"line":18,"column":2},"end":{"line":18,"column":7}},"loc":{"start":{"line":18,"column":37},"end":{"line":27,"column":3}}},"2":{"name":"(anonymous_6)","decl":{"start":{"line":34,"column":2},"end":{"line":34,"column":7}},"loc":{"start":{"line":34,"column":39},"end":{"line":41,"column":3}}},"3":{"name":"(anonymous_7)","decl":{"start":{"line":48,"column":2},"end":{"line":48,"column":7}},"loc":{"start":{"line":48,"column":40},"end":{"line":74,"column":3}}},"4":{"name":"(anonymous_8)","decl":{"start":{"line":81,"column":2},"end":{"line":81,"column":7}},"loc":{"start":{"line":81,"column":36},"end":{"line":88,"column":3}}},"5":{"name":"(anonymous_9)","decl":{"start":{"line":95,"column":2},"end":{"line":95,"column":7}},"loc":{"start":{"line":95,"column":30},"end":{"line":102,"column":3}}},"6":{"name":"(anonymous_10)","decl":{"start":{"line":109,"column":2},"end":{"line":109,"column":7}},"loc":{"start":{"line":109,"column":47},"end":{"line":158,"column":3}}},"7":{"name":"(anonymous_11)","decl":{"start":{"line":165,"column":2},"end":{"line":165,"column":7}},"loc":{"start":{"line":165,"column":44},"end":{"line":179,"column":3}}},"8":{"name":"(anonymous_12)","decl":{"start":{"line":172,"column":34},"end":{"line":172,"column":35}},"loc":{"start":{"line":172,"column":52},"end":{"line":172,"column":82}}}},"branchMap":{"0":{"loc":{"start":{"line":65,"column":6},"end":{"line":67,"column":7}},"type":"if","locations":[{"start":{"line":65,"column":6},"end":{"line":67,"column":7}}]},"1":{"loc":{"start":{"line":127,"column":6},"end":{"line":129,"column":7}},"type":"if","locations":[{"start":{"line":127,"column":6},"end":{"line":129,"column":7}}]},"2":{"loc":{"start":{"line":137,"column":6},"end":{"line":139,"column":7}},"type":"if","locations":[{"start":{"line":137,"column":6},"end":{"line":139,"column":7}}]},"3":{"loc":{"start":{"line":137,"column":10},"end":{"line":137,"column":49}},"type":"binary-expr","locations":[{"start":{"line":137,"column":10},"end":{"line":137,"column":18}},{"start":{"line":137,"column":22},"end":{"line":137,"column":49}}]}},"s":{"0":2,"1":2,"2":2,"3":6,"4":6,"5":0,"6":0,"7":0,"8":0,"9":0,"10":0,"11":0,"12":0,"13":0,"14":0,"15":0,"16":0,"17":0,"18":0,"19":0,"20":0,"21":0,"22":0,"23":0,"24":0,"25":0,"26":0,"27":0,"28":0,"29":0,"30":0,"31":0,"32":0,"33":0,"34":0,"35":0,"36":0,"37":0,"38":0,"39":0,"40":0,"41":0,"42":0,"43":0,"44":0,"45":0,"46":0,"47":0,"48":0,"49":0,"50":2,"51":2},"f":{"0":6,"1":0,"2":0,"3":0,"4":0,"5":0,"6":0,"7":0,"8":0},"b":{"0":[0],"1":[0],"2":[0],"3":[0,0]}}
,"/media/nguyenthanhhung/Code/TheShoeBolt/src/modules/Infrastructure/clerk/guards/clerk-auth.guard.ts": {"path":"/media/nguyenthanhhung/Code/TheShoeBolt/src/modules/Infrastructure/clerk/guards/clerk-auth.guard.ts","statementMap":{"0":{"start":{"line":1,"column":0},"end":{"line":1,"column":null}},"1":{"start":{"line":11,"column":0},"end":{"line":11,"column":66}},"2":{"start":{"line":12,"column":0},"end":{"line":12,"column":47}},"3":{"start":{"line":15,"column":27},"end":{"line":88,"column":null}},"4":{"start":{"line":19,"column":43},"end":{"line":19,"column":67}},"5":{"start":{"line":20,"column":21},"end":{"line":20,"column":36}},"6":{"start":{"line":16,"column":19},"end":{"line":16,"column":60}},"7":{"start":{"line":24,"column":20},"end":{"line":24,"column":64}},"8":{"start":{"line":26,"column":4},"end":{"line":56,"column":5}},"9":{"start":{"line":28,"column":25},"end":{"line":28,"column":58}},"10":{"start":{"line":31,"column":24},"end":{"line":34,"column":8}},"11":{"start":{"line":36,"column":6},"end":{"line":39,"column":7}},"12":{"start":{"line":37,"column":8},"end":{"line":37,"column":52}},"13":{"start":{"line":38,"column":8},"end":{"line":38,"column":66}},"14":{"start":{"line":42,"column":25},"end":{"line":42,"column":43}},"15":{"start":{"line":45,"column":6},"end":{"line":50,"column":8}},"16":{"start":{"line":51,"column":6},"end":{"line":51,"column":67}},"17":{"start":{"line":52,"column":6},"end":{"line":52,"column":18}},"18":{"start":{"line":54,"column":6},"end":{"line":54,"column":67}},"19":{"start":{"line":55,"column":6},"end":{"line":55,"column":63}},"20":{"start":{"line":63,"column":16},"end":{"line":63,"column":105}},"21":{"start":{"line":66,"column":20},"end":{"line":66,"column":33}},"22":{"start":{"line":67,"column":4},"end":{"line":73,"column":7}},"23":{"start":{"line":68,"column":6},"end":{"line":72,"column":7}},"24":{"start":{"line":69,"column":8},"end":{"line":69,"column":32}},"25":{"start":{"line":70,"column":13},"end":{"line":72,"column":7}},"26":{"start":{"line":71,"column":8},"end":{"line":71,"column":43}},"27":{"start":{"line":76,"column":4},"end":{"line":81,"column":5}},"28":{"start":{"line":77,"column":27},"end":{"line":79,"column":19}},"29":{"start":{"line":78,"column":31},"end":{"line":78,"column":56}},"30":{"start":{"line":80,"column":6},"end":{"line":80,"column":42}},"31":{"start":{"line":83,"column":4},"end":{"line":86,"column":7}},"32":{"start":{"line":15,"column":13},"end":{"line":15,"column":27}},"33":{"start":{"line":15,"column":13},"end":{"line":88,"column":null}}},"fnMap":{"0":{"name":"(anonymous_4)","decl":{"start":{"line":18,"column":2},"end":{"line":18,"column":null}},"loc":{"start":{"line":20,"column":49},"end":{"line":21,"column":6}}},"1":{"name":"(anonymous_5)","decl":{"start":{"line":23,"column":2},"end":{"line":23,"column":7}},"loc":{"start":{"line":23,"column":45},"end":{"line":57,"column":3}}},"2":{"name":"(anonymous_6)","decl":{"start":{"line":62,"column":10},"end":{"line":62,"column":29}},"loc":{"start":{"line":62,"column":53},"end":{"line":87,"column":3}}},"3":{"name":"(anonymous_7)","decl":{"start":{"line":67,"column":51},"end":{"line":67,"column":52}},"loc":{"start":{"line":67,"column":68},"end":{"line":73,"column":5}}},"4":{"name":"(anonymous_8)","decl":{"start":{"line":78,"column":13},"end":{"line":78,"column":14}},"loc":{"start":{"line":78,"column":31},"end":{"line":78,"column":56}}}},"branchMap":{"0":{"loc":{"start":{"line":36,"column":6},"end":{"line":39,"column":7}},"type":"if","locations":[{"start":{"line":36,"column":6},"end":{"line":39,"column":7}}]},"1":{"loc":{"start":{"line":68,"column":6},"end":{"line":72,"column":7}},"type":"if","locations":[{"start":{"line":68,"column":6},"end":{"line":72,"column":7}},{"start":{"line":70,"column":13},"end":{"line":72,"column":7}}]},"2":{"loc":{"start":{"line":70,"column":13},"end":{"line":72,"column":7}},"type":"if","locations":[{"start":{"line":70,"column":13},"end":{"line":72,"column":7}}]},"3":{"loc":{"start":{"line":76,"column":4},"end":{"line":81,"column":5}},"type":"if","locations":[{"start":{"line":76,"column":4},"end":{"line":81,"column":5}}]},"4":{"loc":{"start":{"line":76,"column":8},"end":{"line":76,"column":80}},"type":"binary-expr","locations":[{"start":{"line":76,"column":8},"end":{"line":76,"column":30}},{"start":{"line":76,"column":34},"end":{"line":76,"column":80}}]}},"s":{"0":2,"1":2,"2":2,"3":2,"4":12,"5":12,"6":12,"7":0,"8":0,"9":0,"10":0,"11":0,"12":0,"13":0,"14":0,"15":0,"16":0,"17":0,"18":0,"19":0,"20":0,"21":0,"22":0,"23":0,"24":0,"25":0,"26":0,"27":0,"28":0,"29":0,"30":0,"31":0,"32":2,"33":2},"f":{"0":12,"1":0,"2":0,"3":0,"4":0},"b":{"0":[0],"1":[0,0],"2":[0],"3":[0],"4":[0,0]}}
,"/media/nguyenthanhhung/Code/TheShoeBolt/src/modules/Infrastructure/clerk/providers/clerk-client.provider.ts": {"path":"/media/nguyenthanhhung/Code/TheShoeBolt/src/modules/Infrastructure/clerk/providers/clerk-client.provider.ts","statementMap":{"0":{"start":{"line":2,"column":0},"end":{"line":2,"column":47}},"1":{"start":{"line":3,"column":0},"end":{"line":3,"column":64}},"2":{"start":{"line":5,"column":13},"end":{"line":5,"column":42}},"3":{"start":{"line":7,"column":13},"end":{"line":31,"column":2}},"4":{"start":{"line":10,"column":22},"end":{"line":10,"column":67}},"5":{"start":{"line":11,"column":27},"end":{"line":11,"column":77}},"6":{"start":{"line":12,"column":19},"end":{"line":12,"column":61}},"7":{"start":{"line":14,"column":4},"end":{"line":16,"column":5}},"8":{"start":{"line":15,"column":6},"end":{"line":15,"column":79}},"9":{"start":{"line":17,"column":4},"end":{"line":19,"column":5}},"10":{"start":{"line":18,"column":6},"end":{"line":18,"column":84}},"11":{"start":{"line":20,"column":4},"end":{"line":22,"column":5}},"12":{"start":{"line":21,"column":6},"end":{"line":21,"column":76}},"13":{"start":{"line":24,"column":4},"end":{"line":28,"column":7}}},"fnMap":{"0":{"name":"(anonymous_0)","decl":{"start":{"line":9,"column":14},"end":{"line":9,"column":15}},"loc":{"start":{"line":9,"column":60},"end":{"line":29,"column":3}}}},"branchMap":{"0":{"loc":{"start":{"line":14,"column":4},"end":{"line":16,"column":5}},"type":"if","locations":[{"start":{"line":14,"column":4},"end":{"line":16,"column":5}}]},"1":{"loc":{"start":{"line":17,"column":4},"end":{"line":19,"column":5}},"type":"if","locations":[{"start":{"line":17,"column":4},"end":{"line":19,"column":5}}]},"2":{"loc":{"start":{"line":20,"column":4},"end":{"line":22,"column":5}},"type":"if","locations":[{"start":{"line":20,"column":4},"end":{"line":22,"column":5}}]}},"s":{"0":2,"1":2,"2":2,"3":2,"4":0,"5":0,"6":0,"7":0,"8":0,"9":0,"10":0,"11":0,"12":0,"13":0},"f":{"0":0},"b":{"0":[0],"1":[0],"2":[0]}}
,"/media/nguyenthanhhung/Code/TheShoeBolt/src/modules/auth/decorators/roles.decorator.ts": {"path":"/media/nguyenthanhhung/Code/TheShoeBolt/src/modules/auth/decorators/roles.decorator.ts","statementMap":{"0":{"start":{"line":1,"column":0},"end":{"line":1,"column":45}},"1":{"start":{"line":5,"column":13},"end":{"line":5,"column":33}},"2":{"start":{"line":6,"column":13},"end":{"line":6,"column":41}},"3":{"start":{"line":7,"column":13},"end":{"line":7,"column":41}},"4":{"start":{"line":10,"column":21},"end":{"line":10,"column":76}},"5":{"start":{"line":10,"column":47},"end":{"line":10,"column":76}},"6":{"start":{"line":10,"column":13},"end":{"line":10,"column":21}},"7":{"start":{"line":13,"column":24},"end":{"line":13,"column":83}},"8":{"start":{"line":13,"column":50},"end":{"line":13,"column":83}},"9":{"start":{"line":13,"column":13},"end":{"line":13,"column":24}},"10":{"start":{"line":16,"column":24},"end":{"line":16,"column":83}},"11":{"start":{"line":16,"column":50},"end":{"line":16,"column":83}},"12":{"start":{"line":16,"column":13},"end":{"line":16,"column":24}}},"fnMap":{"0":{"name":"(anonymous_0)","decl":{"start":{"line":10,"column":21},"end":{"line":10,"column":22}},"loc":{"start":{"line":10,"column":47},"end":{"line":10,"column":76}}},"1":{"name":"(anonymous_1)","decl":{"start":{"line":13,"column":24},"end":{"line":13,"column":25}},"loc":{"start":{"line":13,"column":50},"end":{"line":13,"column":83}}},"2":{"name":"(anonymous_2)","decl":{"start":{"line":16,"column":24},"end":{"line":16,"column":25}},"loc":{"start":{"line":16,"column":50},"end":{"line":16,"column":83}}}},"branchMap":{},"s":{"0":3,"1":3,"2":3,"3":3,"4":3,"5":4,"6":3,"7":3,"8":0,"9":3,"10":3,"11":0,"12":3},"f":{"0":4,"1":0,"2":0},"b":{}}
,"/media/nguyenthanhhung/Code/TheShoeBolt/src/modules/auth/guards/roles.guard.ts": {"path":"/media/nguyenthanhhung/Code/TheShoeBolt/src/modules/auth/guards/roles.guard.ts","statementMap":{"0":{"start":{"line":1,"column":0},"end":{"line":1,"column":null}},"1":{"start":{"line":9,"column":0},"end":{"line":9,"column":41}},"2":{"start":{"line":10,"column":0},"end":{"line":10,"column":88}},"3":{"start":{"line":29,"column":23},"end":{"line":147,"column":null}},"4":{"start":{"line":32,"column":31},"end":{"line":32,"column":42}},"5":{"start":{"line":30,"column":19},"end":{"line":30,"column":56}},"6":{"start":{"line":36,"column":21},"end":{"line":39,"column":6}},"7":{"start":{"line":41,"column":21},"end":{"line":44,"column":6}},"8":{"start":{"line":46,"column":24},"end":{"line":49,"column":6}},"9":{"start":{"line":52,"column":43},"end":{"line":52,"column":47}},"10":{"start":{"line":53,"column":21},"end":{"line":53,"column":26}},"11":{"start":{"line":55,"column":4},"end":{"line":65,"column":5}},"12":{"start":{"line":56,"column":6},"end":{"line":56,"column":31}},"13":{"start":{"line":57,"column":6},"end":{"line":57,"column":24}},"14":{"start":{"line":58,"column":11},"end":{"line":65,"column":5}},"15":{"start":{"line":59,"column":6},"end":{"line":59,"column":31}},"16":{"start":{"line":60,"column":6},"end":{"line":60,"column":25}},"17":{"start":{"line":61,"column":11},"end":{"line":65,"column":5}},"18":{"start":{"line":63,"column":6},"end":{"line":63,"column":34}},"19":{"start":{"line":64,"column":6},"end":{"line":64,"column":24}},"20":{"start":{"line":68,"column":4},"end":{"line":71,"column":5}},"21":{"start":{"line":69,"column":6},"end":{"line":69,"column":132}},"22":{"start":{"line":70,"column":6},"end":{"line":70,"column":103}},"23":{"start":{"line":73,"column":20},"end":{"line":73,"column":55}},"24":{"start":{"line":74,"column":22},"end":{"line":74,"column":59}},"25":{"start":{"line":77,"column":4},"end":{"line":80,"column":5}},"26":{"start":{"line":78,"column":6},"end":{"line":78,"column":108}},"27":{"start":{"line":79,"column":6},"end":{"line":79,"column":91}},"28":{"start":{"line":83,"column":22},"end":{"line":83,"column":54}},"29":{"start":{"line":86,"column":4},"end":{"line":89,"column":5}},"30":{"start":{"line":87,"column":6},"end":{"line":87,"column":95}},"31":{"start":{"line":88,"column":6},"end":{"line":88,"column":76}},"32":{"start":{"line":92,"column":26},"end":{"line":92,"column":79}},"33":{"start":{"line":94,"column":4},"end":{"line":98,"column":5}},"34":{"start":{"line":95,"column":24},"end":{"line":95,"column":50}},"35":{"start":{"line":96,"column":6},"end":{"line":96,"column":191}},"36":{"start":{"line":97,"column":6},"end":{"line":97,"column":104}},"37":{"start":{"line":100,"column":4},"end":{"line":100,"column":119}},"38":{"start":{"line":101,"column":4},"end":{"line":101,"column":16}},"39":{"start":{"line":111,"column":4},"end":{"line":113,"column":5}},"40":{"start":{"line":112,"column":6},"end":{"line":112,"column":16}},"41":{"start":{"line":115,"column":27},"end":{"line":115,"column":59}},"42":{"start":{"line":118,"column":4},"end":{"line":120,"column":5}},"43":{"start":{"line":119,"column":6},"end":{"line":119,"column":34}},"44":{"start":{"line":123,"column":4},"end":{"line":125,"column":5}},"45":{"start":{"line":124,"column":6},"end":{"line":124,"column":35}},"46":{"start":{"line":128,"column":4},"end":{"line":128,"column":14}},"47":{"start":{"line":139,"column":4},"end":{"line":145,"column":5}},"48":{"start":{"line":141,"column":6},"end":{"line":141,"column":69}},"49":{"start":{"line":141,"column":43},"end":{"line":141,"column":67}},"50":{"start":{"line":144,"column":6},"end":{"line":144,"column":68}},"51":{"start":{"line":144,"column":42},"end":{"line":144,"column":66}},"52":{"start":{"line":29,"column":13},"end":{"line":29,"column":23}},"53":{"start":{"line":29,"column":13},"end":{"line":147,"column":null}}},"fnMap":{"0":{"name":"(anonymous_2)","decl":{"start":{"line":32,"column":2},"end":{"line":32,"column":31}},"loc":{"start":{"line":32,"column":51},"end":{"line":32,"column":55}}},"1":{"name":"(anonymous_3)","decl":{"start":{"line":34,"column":2},"end":{"line":34,"column":13}},"loc":{"start":{"line":34,"column":39},"end":{"line":102,"column":3}}},"2":{"name":"(anonymous_4)","decl":{"start":{"line":110,"column":10},"end":{"line":110,"column":26}},"loc":{"start":{"line":110,"column":54},"end":{"line":129,"column":3}}},"3":{"name":"(anonymous_5)","decl":{"start":{"line":138,"column":10},"end":{"line":138,"column":20}},"loc":{"start":{"line":138,"column":90},"end":{"line":146,"column":3}}},"4":{"name":"(anonymous_6)","decl":{"start":{"line":141,"column":33},"end":{"line":141,"column":34}},"loc":{"start":{"line":141,"column":43},"end":{"line":141,"column":67}}},"5":{"name":"(anonymous_7)","decl":{"start":{"line":144,"column":32},"end":{"line":144,"column":33}},"loc":{"start":{"line":144,"column":42},"end":{"line":144,"column":66}}}},"branchMap":{"0":{"loc":{"start":{"line":55,"column":4},"end":{"line":65,"column":5}},"type":"if","locations":[{"start":{"line":55,"column":4},"end":{"line":65,"column":5}},{"start":{"line":58,"column":11},"end":{"line":65,"column":5}}]},"1":{"loc":{"start":{"line":55,"column":8},"end":{"line":55,"column":39}},"type":"binary-expr","locations":[{"start":{"line":55,"column":8},"end":{"line":55,"column":16}},{"start":{"line":55,"column":20},"end":{"line":55,"column":39}}]},"2":{"loc":{"start":{"line":58,"column":11},"end":{"line":65,"column":5}},"type":"if","locations":[{"start":{"line":58,"column":11},"end":{"line":65,"column":5}},{"start":{"line":61,"column":11},"end":{"line":65,"column":5}}]},"3":{"loc":{"start":{"line":58,"column":15},"end":{"line":58,"column":46}},"type":"binary-expr","locations":[{"start":{"line":58,"column":15},"end":{"line":58,"column":23}},{"start":{"line":58,"column":27},"end":{"line":58,"column":46}}]},"4":{"loc":{"start":{"line":61,"column":11},"end":{"line":65,"column":5}},"type":"if","locations":[{"start":{"line":61,"column":11},"end":{"line":65,"column":5}}]},"5":{"loc":{"start":{"line":61,"column":15},"end":{"line":61,"column":52}},"type":"binary-expr","locations":[{"start":{"line":61,"column":15},"end":{"line":61,"column":26}},{"start":{"line":61,"column":30},"end":{"line":61,"column":52}}]},"6":{"loc":{"start":{"line":68,"column":4},"end":{"line":71,"column":5}},"type":"if","locations":[{"start":{"line":68,"column":4},"end":{"line":71,"column":5}}]},"7":{"loc":{"start":{"line":68,"column":8},"end":{"line":68,"column":52}},"type":"binary-expr","locations":[{"start":{"line":68,"column":8},"end":{"line":68,"column":22}},{"start":{"line":68,"column":26},"end":{"line":68,"column":52}}]},"8":{"loc":{"start":{"line":77,"column":4},"end":{"line":80,"column":5}},"type":"if","locations":[{"start":{"line":77,"column":4},"end":{"line":80,"column":5}}]},"9":{"loc":{"start":{"line":86,"column":4},"end":{"line":89,"column":5}},"type":"if","locations":[{"start":{"line":86,"column":4},"end":{"line":89,"column":5}}]},"10":{"loc":{"start":{"line":86,"column":8},"end":{"line":86,"column":44}},"type":"binary-expr","locations":[{"start":{"line":86,"column":8},"end":{"line":86,"column":18}},{"start":{"line":86,"column":22},"end":{"line":86,"column":44}}]},"11":{"loc":{"start":{"line":87,"column":31},"end":{"line":87,"column":60}},"type":"binary-expr","locations":[{"start":{"line":87,"column":31},"end":{"line":87,"column":47}},{"start":{"line":87,"column":51},"end":{"line":87,"column":60}}]},"12":{"loc":{"start":{"line":94,"column":4},"end":{"line":98,"column":5}},"type":"if","locations":[{"start":{"line":94,"column":4},"end":{"line":98,"column":5}}]},"13":{"loc":{"start":{"line":95,"column":24},"end":{"line":95,"column":50}},"type":"cond-expr","locations":[{"start":{"line":95,"column":37},"end":{"line":95,"column":42}},{"start":{"line":95,"column":45},"end":{"line":95,"column":50}}]},"14":{"loc":{"start":{"line":96,"column":31},"end":{"line":96,"column":60}},"type":"binary-expr","locations":[{"start":{"line":96,"column":31},"end":{"line":96,"column":47}},{"start":{"line":96,"column":51},"end":{"line":96,"column":60}}]},"15":{"loc":{"start":{"line":100,"column":30},"end":{"line":100,"column":59}},"type":"binary-expr","locations":[{"start":{"line":100,"column":30},"end":{"line":100,"column":46}},{"start":{"line":100,"column":50},"end":{"line":100,"column":59}}]},"16":{"loc":{"start":{"line":111,"column":4},"end":{"line":113,"column":5}},"type":"if","locations":[{"start":{"line":111,"column":4},"end":{"line":113,"column":5}}]},"17":{"loc":{"start":{"line":118,"column":4},"end":{"line":120,"column":5}},"type":"if","locations":[{"start":{"line":118,"column":4},"end":{"line":120,"column":5}}]},"18":{"loc":{"start":{"line":118,"column":8},"end":{"line":118,"column":67}},"type":"binary-expr","locations":[{"start":{"line":118,"column":8},"end":{"line":118,"column":28}},{"start":{"line":118,"column":32},"end":{"line":118,"column":67}}]},"19":{"loc":{"start":{"line":123,"column":4},"end":{"line":125,"column":5}},"type":"if","locations":[{"start":{"line":123,"column":4},"end":{"line":125,"column":5}}]},"20":{"loc":{"start":{"line":139,"column":4},"end":{"line":145,"column":5}},"type":"if","locations":[{"start":{"line":139,"column":4},"end":{"line":145,"column":5}},{"start":{"line":142,"column":11},"end":{"line":145,"column":5}}]}},"s":{"0":3,"1":3,"2":3,"3":3,"4":17,"5":17,"6":12,"7":12,"8":12,"9":12,"10":12,"11":12,"12":9,"13":9,"14":3,"15":0,"16":0,"17":3,"18":0,"19":0,"20":12,"21":3,"22":3,"23":9,"24":9,"25":9,"26":3,"27":3,"28":6,"29":6,"30":2,"31":2,"32":4,"33":4,"34":0,"35":0,"36":0,"37":4,"38":4,"39":6,"40":2,"41":4,"42":4,"43":2,"44":2,"45":2,"46":0,"47":4,"48":4,"49":4,"50":0,"51":0,"52":3,"53":3},"f":{"0":17,"1":12,"2":6,"3":4,"4":4,"5":0},"b":{"0":[9,3],"1":[12,10],"2":[0,3],"3":[3,1],"4":[0],"5":[3,1],"6":[3],"7":[12,9],"8":[3],"9":[2],"10":[6,6],"11":[2,0],"12":[0],"13":[0,0],"14":[0,0],"15":[4,0],"16":[2],"17":[2],"18":[4,2],"19":[2],"20":[4,0]}}
,"/media/nguyenthanhhung/Code/TheShoeBolt/src/modules/payments/entities/payment.entity.ts": {"path":"/media/nguyenthanhhung/Code/TheShoeBolt/src/modules/payments/entities/payment.entity.ts","statementMap":{"0":{"start":{"line":1,"column":0},"end":{"line":1,"column":null}},"1":{"start":{"line":10,"column":0},"end":{"line":10,"column":56}},"2":{"start":{"line":12,"column":0},"end":{"line":12,"column":null}},"3":{"start":{"line":13,"column":2},"end":{"line":13,"column":null}},"4":{"start":{"line":14,"column":2},"end":{"line":14,"column":null}},"5":{"start":{"line":15,"column":2},"end":{"line":15,"column":null}},"6":{"start":{"line":16,"column":2},"end":{"line":16,"column":null}},"7":{"start":{"line":20,"column":7},"end":{"line":55,"column":null}},"8":{"start":{"line":20,"column":13},"end":{"line":20,"column":20}},"9":{"start":{"line":22,"column":2},"end":{"line":22,"column":null}},"10":{"start":{"line":25,"column":2},"end":{"line":25,"column":null}},"11":{"start":{"line":29,"column":2},"end":{"line":29,"column":null}},"12":{"start":{"line":27,"column":19},"end":{"line":27,"column":23}},"13":{"start":{"line":27,"column":35},"end":{"line":27,"column":48}},"14":{"start":{"line":32,"column":2},"end":{"line":32,"column":null}},"15":{"start":{"line":35,"column":2},"end":{"line":35,"column":null}},"16":{"start":{"line":38,"column":2},"end":{"line":38,"column":null}},"17":{"start":{"line":41,"column":2},"end":{"line":41,"column":null}},"18":{"start":{"line":48,"column":2},"end":{"line":48,"column":null}},"19":{"start":{"line":51,"column":2},"end":{"line":51,"column":null}},"20":{"start":{"line":54,"column":2},"end":{"line":54,"column":null}},"21":{"start":{"line":20,"column":13},"end":{"line":55,"column":null}}},"fnMap":{"0":{"name":"(anonymous_2)","decl":{"start":{"line":12,"column":0},"end":{"line":12,"column":12}},"loc":{"start":{"line":12,"column":25},"end":{"line":17,"column":1}}},"1":{"name":"(anonymous_3)","decl":{"start":{"line":27,"column":13},"end":{"line":27,"column":16}},"loc":{"start":{"line":27,"column":19},"end":{"line":27,"column":23}}},"2":{"name":"(anonymous_4)","decl":{"start":{"line":27,"column":25},"end":{"line":27,"column":26}},"loc":{"start":{"line":27,"column":35},"end":{"line":27,"column":48}}}},"branchMap":{"0":{"loc":{"start":{"line":12,"column":12},"end":{"line":12,"column":null}},"type":"binary-expr","locations":[{"start":{"line":12,"column":12},"end":{"line":12,"column":25}},{"start":{"line":12,"column":25},"end":{"line":12,"column":null}}]}},"s":{"0":3,"1":3,"2":3,"3":3,"4":3,"5":3,"6":3,"7":3,"8":3,"9":3,"10":3,"11":3,"12":0,"13":0,"14":3,"15":3,"16":3,"17":3,"18":3,"19":3,"20":3,"21":3},"f":{"0":3,"1":0,"2":0},"b":{"0":[3,3]}}
,"/media/nguyenthanhhung/Code/TheShoeBolt/src/modules/users/entities/user.entity.ts": {"path":"/media/nguyenthanhhung/Code/TheShoeBolt/src/modules/users/entities/user.entity.ts","statementMap":{"0":{"start":{"line":1,"column":0},"end":{"line":1,"column":null}},"1":{"start":{"line":9,"column":0},"end":{"line":9,"column":65}},"2":{"start":{"line":11,"column":0},"end":{"line":11,"column":null}},"3":{"start":{"line":12,"column":2},"end":{"line":12,"column":null}},"4":{"start":{"line":13,"column":2},"end":{"line":13,"column":null}},"5":{"start":{"line":14,"column":2},"end":{"line":14,"column":null}},"6":{"start":{"line":18,"column":7},"end":{"line":55,"column":null}},"7":{"start":{"line":18,"column":13},"end":{"line":18,"column":17}},"8":{"start":{"line":20,"column":2},"end":{"line":20,"column":null}},"9":{"start":{"line":23,"column":2},"end":{"line":23,"column":null}},"10":{"start":{"line":26,"column":2},"end":{"line":26,"column":null}},"11":{"start":{"line":29,"column":2},"end":{"line":29,"column":null}},"12":{"start":{"line":32,"column":2},"end":{"line":32,"column":null}},"13":{"start":{"line":39,"column":2},"end":{"line":39,"column":null}},"14":{"start":{"line":42,"column":2},"end":{"line":42,"column":null}},"15":{"start":{"line":45,"column":2},"end":{"line":45,"column":null}},"16":{"start":{"line":48,"column":2},"end":{"line":48,"column":null}},"17":{"start":{"line":47,"column":19},"end":{"line":47,"column":26}},"18":{"start":{"line":47,"column":41},"end":{"line":47,"column":53}},"19":{"start":{"line":51,"column":2},"end":{"line":51,"column":null}},"20":{"start":{"line":54,"column":2},"end":{"line":54,"column":null}},"21":{"start":{"line":18,"column":13},"end":{"line":55,"column":null}}},"fnMap":{"0":{"name":"(anonymous_2)","decl":{"start":{"line":11,"column":0},"end":{"line":11,"column":12}},"loc":{"start":{"line":11,"column":20},"end":{"line":15,"column":1}}},"1":{"name":"(anonymous_3)","decl":{"start":{"line":47,"column":13},"end":{"line":47,"column":16}},"loc":{"start":{"line":47,"column":19},"end":{"line":47,"column":26}}},"2":{"name":"(anonymous_4)","decl":{"start":{"line":47,"column":28},"end":{"line":47,"column":29}},"loc":{"start":{"line":47,"column":41},"end":{"line":47,"column":53}}}},"branchMap":{"0":{"loc":{"start":{"line":11,"column":12},"end":{"line":11,"column":null}},"type":"binary-expr","locations":[{"start":{"line":11,"column":12},"end":{"line":11,"column":20}},{"start":{"line":11,"column":20},"end":{"line":11,"column":null}}]}},"s":{"0":3,"1":3,"2":3,"3":3,"4":3,"5":3,"6":3,"7":3,"8":3,"9":3,"10":3,"11":3,"12":3,"13":3,"14":3,"15":3,"16":3,"17":0,"18":0,"19":3,"20":3,"21":3},"f":{"0":3,"1":0,"2":0},"b":{"0":[3,3]}}
}
