TN:
SF:src/modules/Infrastructure/clerk/clerk.controller.ts
FN:23,(anonymous_4)
FN:29,(anonymous_5)
FN:43,(anonymous_6)
FN:56,(anonymous_7)
FN:69,(anonymous_8)
FN:84,(anonymous_9)
FNF:6
FNH:6
FNDA:12,(anonymous_4)
FNDA:1,(anonymous_5)
FNDA:1,(anonymous_6)
FNDA:1,(anonymous_7)
FNDA:1,(anonymous_8)
FNDA:1,(anonymous_9)
DA:1,2
DA:12,2
DA:13,2
DA:14,2
DA:15,2
DA:16,2
DA:17,2
DA:22,2
DA:23,12
DA:29,2
DA:30,1
DA:31,1
DA:43,2
DA:44,1
DA:45,1
DA:56,2
DA:57,1
DA:58,1
DA:69,2
DA:70,1
DA:71,1
DA:84,2
DA:85,1
DA:86,1
LF:24
LH:24
BRF:0
BRH:0
end_of_record
TN:
SF:src/modules/Infrastructure/clerk/clerk.module.ts
FN:18,(anonymous_1)
FN:41,(anonymous_2)
FN:52,(anonymous_3)
FNF:3
FNH:3
FNDA:4,(anonymous_1)
FNDA:6,(anonymous_2)
FNDA:6,(anonymous_3)
DA:1,1
DA:2,1
DA:3,1
DA:4,1
DA:5,1
DA:6,1
DA:17,1
DA:19,4
DA:45,6
DA:52,6
LF:10
LH:10
BRF:0
BRH:0
end_of_record
TN:
SF:src/modules/Infrastructure/clerk/clerk.session.service.ts
FN:8,(anonymous_4)
FN:18,(anonymous_5)
FN:34,(anonymous_6)
FN:48,(anonymous_7)
FN:81,(anonymous_8)
FN:95,(anonymous_9)
FN:109,(anonymous_10)
FN:165,(anonymous_11)
FN:172,(anonymous_12)
FNF:9
FNH:9
FNDA:31,(anonymous_4)
FNDA:6,(anonymous_5)
FNDA:5,(anonymous_6)
FNDA:4,(anonymous_7)
FNDA:7,(anonymous_8)
FNDA:5,(anonymous_9)
FNDA:7,(anonymous_10)
FNDA:4,(anonymous_11)
FNDA:3,(anonymous_12)
DA:1,3
DA:4,3
DA:7,3
DA:9,31
DA:10,31
DA:19,6
DA:20,6
DA:23,4
DA:25,2
DA:35,5
DA:36,5
DA:37,3
DA:39,2
DA:49,4
DA:51,4
DA:56,4
DA:61,4
DA:65,3
DA:66,1
DA:69,2
DA:70,2
DA:72,2
DA:82,7
DA:83,7
DA:84,6
DA:86,1
DA:96,5
DA:97,5
DA:98,4
DA:100,1
DA:110,7
DA:112,7
DA:117,7
DA:123,7
DA:127,6
DA:128,1
DA:131,5
DA:132,5
DA:135,5
DA:137,5
DA:138,2
DA:142,3
DA:144,3
DA:156,4
DA:166,4
DA:168,4
DA:171,3
DA:172,3
DA:175,2
DA:177,2
LF:50
LH:50
BRDA:65,0,0,1
BRDA:127,1,0,1
BRDA:137,2,0,2
BRDA:137,3,0,5
BRDA:137,3,1,4
BRF:5
BRH:5
end_of_record
TN:
SF:src/modules/Infrastructure/clerk/guards/clerk-auth.guard.ts
FN:18,(anonymous_4)
FN:23,(anonymous_5)
FN:62,(anonymous_6)
FN:67,(anonymous_7)
FN:78,(anonymous_8)
FNF:5
FNH:5
FNDA:25,(anonymous_4)
FNDA:16,(anonymous_5)
FNDA:16,(anonymous_6)
FNDA:33,(anonymous_7)
FNDA:2,(anonymous_8)
DA:1,3
DA:11,3
DA:12,3
DA:15,3
DA:16,25
DA:19,25
DA:20,25
DA:24,16
DA:26,16
DA:28,16
DA:31,16
DA:36,13
DA:37,3
DA:38,3
DA:42,10
DA:45,8
DA:51,8
DA:52,8
DA:54,8
DA:55,8
DA:63,16
DA:66,16
DA:67,16
DA:68,33
DA:69,32
DA:70,1
DA:71,1
DA:76,16
DA:77,1
DA:78,2
DA:80,1
DA:83,16
LF:32
LH:32
BRDA:36,0,0,3
BRDA:68,1,0,32
BRDA:68,1,1,1
BRDA:70,2,0,1
BRDA:76,3,0,1
BRDA:76,4,0,16
BRDA:76,4,1,16
BRF:7
BRH:7
end_of_record
TN:
SF:src/modules/Infrastructure/clerk/providers/clerk-client.provider.ts
FN:9,(anonymous_0)
FNF:1
FNH:1
FNDA:10,(anonymous_0)
DA:2,5
DA:3,5
DA:5,5
DA:7,5
DA:10,10
DA:11,10
DA:12,10
DA:14,10
DA:15,4
DA:17,6
DA:18,1
DA:20,5
DA:21,1
DA:24,4
LF:14
LH:14
BRDA:14,0,0,4
BRDA:17,1,0,1
BRDA:20,2,0,1
BRF:3
BRH:3
end_of_record
TN:
SF:src/modules/auth/decorators/roles.decorator.ts
FN:10,(anonymous_0)
FN:13,(anonymous_1)
FN:16,(anonymous_2)
FNF:3
FNH:3
FNDA:11,(anonymous_0)
FNDA:8,(anonymous_1)
FNDA:8,(anonymous_2)
DA:1,4
DA:5,4
DA:6,4
DA:7,4
DA:10,11
DA:13,8
DA:16,8
LF:7
LH:7
BRF:0
BRH:0
end_of_record
TN:
SF:src/modules/auth/guards/roles.guard.ts
FN:32,(anonymous_2)
FN:34,(anonymous_3)
FN:110,(anonymous_4)
FN:138,(anonymous_5)
FN:141,(anonymous_6)
FN:144,(anonymous_7)
FNF:6
FNH:6
FNDA:25,(anonymous_2)
FNDA:20,(anonymous_3)
FNDA:15,(anonymous_4)
FNDA:10,(anonymous_5)
FNDA:13,(anonymous_6)
FNDA:3,(anonymous_7)
DA:1,3
DA:9,3
DA:10,3
DA:29,3
DA:30,25
DA:32,25
DA:36,20
DA:41,20
DA:46,20
DA:52,20
DA:53,20
DA:55,20
DA:56,13
DA:57,13
DA:58,7
DA:59,2
DA:60,2
DA:61,5
DA:63,2
DA:64,2
DA:68,20
DA:69,3
DA:70,3
DA:73,17
DA:74,17
DA:77,17
DA:78,3
DA:79,3
DA:83,14
DA:86,14
DA:87,4
DA:88,4
DA:92,10
DA:94,10
DA:95,3
DA:96,3
DA:97,3
DA:100,7
DA:101,7
DA:111,15
DA:112,2
DA:115,13
DA:118,13
DA:119,6
DA:123,7
DA:124,4
DA:128,3
DA:139,10
DA:141,13
DA:144,3
LF:50
LH:50
BRDA:55,0,0,13
BRDA:55,0,1,7
BRDA:55,1,0,20
BRDA:55,1,1,14
BRDA:58,2,0,2
BRDA:58,2,1,5
BRDA:58,3,0,7
BRDA:58,3,1,3
BRDA:61,4,0,2
BRDA:61,5,0,5
BRDA:61,5,1,3
BRDA:68,6,0,3
BRDA:68,7,0,20
BRDA:68,7,1,17
BRDA:77,8,0,3
BRDA:86,9,0,4
BRDA:86,10,0,14
BRDA:86,10,1,14
BRDA:87,11,0,4
BRDA:87,11,1,0
BRDA:94,12,0,3
BRDA:95,13,0,2
BRDA:95,13,1,1
BRDA:96,14,0,3
BRDA:96,14,1,0
BRDA:100,15,0,7
BRDA:100,15,1,0
BRDA:111,16,0,2
BRDA:118,17,0,6
BRDA:118,18,0,13
BRDA:118,18,1,6
BRDA:123,19,0,4
BRDA:139,20,0,8
BRDA:139,20,1,2
BRF:34
BRH:31
end_of_record
TN:
SF:src/modules/payments/entities/payment.entity.ts
FN:12,(anonymous_2)
FN:27,(anonymous_3)
FN:27,(anonymous_4)
FNF:3
FNH:1
FNDA:4,(anonymous_2)
FNDA:0,(anonymous_3)
FNDA:0,(anonymous_4)
DA:1,4
DA:10,4
DA:12,4
DA:13,4
DA:14,4
DA:15,4
DA:16,4
DA:20,4
DA:22,4
DA:25,4
DA:27,0
DA:29,4
DA:32,4
DA:35,4
DA:38,4
DA:41,4
DA:48,4
DA:51,4
DA:54,4
LF:19
LH:18
BRDA:12,0,0,4
BRDA:12,0,1,4
BRF:2
BRH:2
end_of_record
TN:
SF:src/modules/users/entities/user.entity.ts
FN:11,(anonymous_2)
FN:47,(anonymous_3)
FN:47,(anonymous_4)
FNF:3
FNH:1
FNDA:4,(anonymous_2)
FNDA:0,(anonymous_3)
FNDA:0,(anonymous_4)
DA:1,4
DA:9,4
DA:11,4
DA:12,4
DA:13,4
DA:14,4
DA:18,4
DA:20,4
DA:23,4
DA:26,4
DA:29,4
DA:32,4
DA:39,4
DA:42,4
DA:45,4
DA:47,0
DA:48,4
DA:51,4
DA:54,4
LF:19
LH:18
BRDA:11,0,0,4
BRDA:11,0,1,4
BRF:2
BRH:2
end_of_record
