TN:
SF:src/modules/Infrastructure/clerk/clerk.controller.ts
FN:23,(anonymous_4)
FN:29,(anonymous_5)
FN:43,(anonymous_6)
FN:56,(anonymous_7)
FN:69,(anonymous_8)
FN:84,(anonymous_9)
FNF:6
FNH:6
FNDA:12,(anonymous_4)
FNDA:1,(anonymous_5)
FNDA:1,(anonymous_6)
FNDA:1,(anonymous_7)
FNDA:1,(anonymous_8)
FNDA:1,(anonymous_9)
DA:1,2
DA:12,2
DA:13,2
DA:14,2
DA:15,2
DA:16,2
DA:17,2
DA:22,2
DA:23,12
DA:29,2
DA:30,1
DA:31,1
DA:43,2
DA:44,1
DA:45,1
DA:56,2
DA:57,1
DA:58,1
DA:69,2
DA:70,1
DA:71,1
DA:84,2
DA:85,1
DA:86,1
LF:24
LH:24
BRF:0
BRH:0
end_of_record
TN:
SF:src/modules/Infrastructure/clerk/clerk.module.ts
FN:15,(anonymous_1)
FN:33,(anonymous_2)
FN:41,(anonymous_3)
FNF:3
FNH:2
FNDA:0,(anonymous_1)
FNDA:6,(anonymous_2)
FNDA:6,(anonymous_3)
DA:1,1
DA:2,1
DA:3,1
DA:4,1
DA:5,1
DA:6,1
DA:14,1
DA:16,0
DA:34,6
DA:41,6
LF:10
LH:9
BRF:0
BRH:0
end_of_record
TN:
SF:src/modules/Infrastructure/clerk/clerk.session.service.ts
FN:8,(anonymous_4)
FN:18,(anonymous_5)
FN:34,(anonymous_6)
FN:48,(anonymous_7)
FN:81,(anonymous_8)
FN:95,(anonymous_9)
FN:109,(anonymous_10)
FN:165,(anonymous_11)
FN:172,(anonymous_12)
FNF:9
FNH:1
FNDA:6,(anonymous_4)
FNDA:0,(anonymous_5)
FNDA:0,(anonymous_6)
FNDA:0,(anonymous_7)
FNDA:0,(anonymous_8)
FNDA:0,(anonymous_9)
FNDA:0,(anonymous_10)
FNDA:0,(anonymous_11)
FNDA:0,(anonymous_12)
DA:1,2
DA:4,2
DA:7,2
DA:9,6
DA:10,6
DA:19,0
DA:20,0
DA:23,0
DA:25,0
DA:35,0
DA:36,0
DA:37,0
DA:39,0
DA:49,0
DA:51,0
DA:56,0
DA:61,0
DA:65,0
DA:66,0
DA:69,0
DA:70,0
DA:72,0
DA:82,0
DA:83,0
DA:84,0
DA:86,0
DA:96,0
DA:97,0
DA:98,0
DA:100,0
DA:110,0
DA:112,0
DA:117,0
DA:123,0
DA:127,0
DA:128,0
DA:131,0
DA:132,0
DA:135,0
DA:137,0
DA:138,0
DA:142,0
DA:144,0
DA:156,0
DA:166,0
DA:168,0
DA:171,0
DA:172,0
DA:175,0
DA:177,0
LF:50
LH:5
BRDA:65,0,0,0
BRDA:127,1,0,0
BRDA:137,2,0,0
BRDA:137,3,0,0
BRDA:137,3,1,0
BRF:5
BRH:0
end_of_record
TN:
SF:src/modules/Infrastructure/clerk/guards/clerk-auth.guard.ts
FN:18,(anonymous_4)
FN:23,(anonymous_5)
FN:62,(anonymous_6)
FN:67,(anonymous_7)
FN:78,(anonymous_8)
FNF:5
FNH:1
FNDA:12,(anonymous_4)
FNDA:0,(anonymous_5)
FNDA:0,(anonymous_6)
FNDA:0,(anonymous_7)
FNDA:0,(anonymous_8)
DA:1,2
DA:11,2
DA:12,2
DA:15,2
DA:16,12
DA:19,12
DA:20,12
DA:24,0
DA:26,0
DA:28,0
DA:31,0
DA:36,0
DA:37,0
DA:38,0
DA:42,0
DA:45,0
DA:51,0
DA:52,0
DA:54,0
DA:55,0
DA:63,0
DA:66,0
DA:67,0
DA:68,0
DA:69,0
DA:70,0
DA:71,0
DA:76,0
DA:77,0
DA:78,0
DA:80,0
DA:83,0
LF:32
LH:7
BRDA:36,0,0,0
BRDA:68,1,0,0
BRDA:68,1,1,0
BRDA:70,2,0,0
BRDA:76,3,0,0
BRDA:76,4,0,0
BRDA:76,4,1,0
BRF:7
BRH:0
end_of_record
TN:
SF:src/modules/Infrastructure/clerk/providers/clerk-client.provider.ts
FN:9,(anonymous_0)
FNF:1
FNH:0
FNDA:0,(anonymous_0)
DA:2,2
DA:3,2
DA:5,2
DA:7,2
DA:10,0
DA:11,0
DA:12,0
DA:14,0
DA:15,0
DA:17,0
DA:18,0
DA:20,0
DA:21,0
DA:24,0
LF:14
LH:4
BRDA:14,0,0,0
BRDA:17,1,0,0
BRDA:20,2,0,0
BRF:3
BRH:0
end_of_record
TN:
SF:src/modules/auth/decorators/roles.decorator.ts
FN:10,(anonymous_0)
FN:13,(anonymous_1)
FN:16,(anonymous_2)
FNF:3
FNH:1
FNDA:4,(anonymous_0)
FNDA:0,(anonymous_1)
FNDA:0,(anonymous_2)
DA:1,3
DA:5,3
DA:6,3
DA:7,3
DA:10,4
DA:13,3
DA:16,3
LF:7
LH:7
BRF:0
BRH:0
end_of_record
TN:
SF:src/modules/auth/guards/roles.guard.ts
FN:32,(anonymous_2)
FN:34,(anonymous_3)
FN:110,(anonymous_4)
FN:138,(anonymous_5)
FN:141,(anonymous_6)
FN:144,(anonymous_7)
FNF:6
FNH:5
FNDA:17,(anonymous_2)
FNDA:12,(anonymous_3)
FNDA:6,(anonymous_4)
FNDA:4,(anonymous_5)
FNDA:4,(anonymous_6)
FNDA:0,(anonymous_7)
DA:1,3
DA:9,3
DA:10,3
DA:29,3
DA:30,17
DA:32,17
DA:36,12
DA:41,12
DA:46,12
DA:52,12
DA:53,12
DA:55,12
DA:56,9
DA:57,9
DA:58,3
DA:59,0
DA:60,0
DA:61,3
DA:63,0
DA:64,0
DA:68,12
DA:69,3
DA:70,3
DA:73,9
DA:74,9
DA:77,9
DA:78,3
DA:79,3
DA:83,6
DA:86,6
DA:87,2
DA:88,2
DA:92,4
DA:94,4
DA:95,0
DA:96,0
DA:97,0
DA:100,4
DA:101,4
DA:111,6
DA:112,2
DA:115,4
DA:118,4
DA:119,2
DA:123,2
DA:124,2
DA:128,0
DA:139,4
DA:141,4
DA:144,0
LF:50
LH:41
BRDA:55,0,0,9
BRDA:55,0,1,3
BRDA:55,1,0,12
BRDA:55,1,1,10
BRDA:58,2,0,0
BRDA:58,2,1,3
BRDA:58,3,0,3
BRDA:58,3,1,1
BRDA:61,4,0,0
BRDA:61,5,0,3
BRDA:61,5,1,1
BRDA:68,6,0,3
BRDA:68,7,0,12
BRDA:68,7,1,9
BRDA:77,8,0,3
BRDA:86,9,0,2
BRDA:86,10,0,6
BRDA:86,10,1,6
BRDA:87,11,0,2
BRDA:87,11,1,0
BRDA:94,12,0,0
BRDA:95,13,0,0
BRDA:95,13,1,0
BRDA:96,14,0,0
BRDA:96,14,1,0
BRDA:100,15,0,4
BRDA:100,15,1,0
BRDA:111,16,0,2
BRDA:118,17,0,2
BRDA:118,18,0,4
BRDA:118,18,1,2
BRDA:123,19,0,2
BRDA:139,20,0,4
BRDA:139,20,1,0
BRF:34
BRH:24
end_of_record
TN:
SF:src/modules/payments/entities/payment.entity.ts
FN:12,(anonymous_2)
FN:27,(anonymous_3)
FN:27,(anonymous_4)
FNF:3
FNH:1
FNDA:3,(anonymous_2)
FNDA:0,(anonymous_3)
FNDA:0,(anonymous_4)
DA:1,3
DA:10,3
DA:12,3
DA:13,3
DA:14,3
DA:15,3
DA:16,3
DA:20,3
DA:22,3
DA:25,3
DA:27,0
DA:29,3
DA:32,3
DA:35,3
DA:38,3
DA:41,3
DA:48,3
DA:51,3
DA:54,3
LF:19
LH:18
BRDA:12,0,0,3
BRDA:12,0,1,3
BRF:2
BRH:2
end_of_record
TN:
SF:src/modules/users/entities/user.entity.ts
FN:11,(anonymous_2)
FN:47,(anonymous_3)
FN:47,(anonymous_4)
FNF:3
FNH:1
FNDA:3,(anonymous_2)
FNDA:0,(anonymous_3)
FNDA:0,(anonymous_4)
DA:1,3
DA:9,3
DA:11,3
DA:12,3
DA:13,3
DA:14,3
DA:18,3
DA:20,3
DA:23,3
DA:26,3
DA:29,3
DA:32,3
DA:39,3
DA:42,3
DA:45,3
DA:47,0
DA:48,3
DA:51,3
DA:54,3
LF:19
LH:18
BRDA:11,0,0,3
BRDA:11,0,1,3
BRF:2
BRH:2
end_of_record
